<?xml version="1.0" encoding="UTF-8"?>
<robot generator="Robot 5.0.1 (Python 3.10.5 on win32)" generated="20220711 21:05:18.571" rpa="false" schemaversion="3">
<suite id="s1" name="Usuario Test" source="C:\Users\CLARA\OneDrive\Documentos\Recrutamentos\compass uol\Estagio\Sprints\6\RoboTron_6_Maria_Dias_Compass\Testes\tests\usuario_test.robot">
<kw name="Criar Sessao" library="base" type="SETUP">
<kw name="Create Session" library="RequestsLibrary">
<arg>serverest</arg>
<arg>${BASE_URI}</arg>
<doc>Create Session: create a HTTP session to a server</doc>
<msg timestamp="20220711 21:05:19.001" level="INFO">Creating Session using : alias=serverest, url=http://localhost:3000, headers={},                     cookies={}, auth=None, timeout=None, proxies=None, verify=False,                     debug=0 </msg>
<status status="PASS" starttime="20220711 21:05:19.001" endtime="20220711 21:05:19.001"/>
</kw>
<status status="PASS" starttime="20220711 21:05:19.001" endtime="20220711 21:05:19.002"/>
</kw>
<test id="s1-t1" name="Cenario: PUT Editar Usuario Nao Cadastrado 201" line="84">
<kw name="Cadastrar Usuario Dinamico Valido" library="usuarios_keywords">
<kw name="Criar Dados Dinamicos Usuario Valido" library="dynamics">
<var>${payload}</var>
<kw name="Name" library="FakerLibrary">
<var>${nome}</var>
<doc>:example 'John Doe'</doc>
<msg timestamp="20220711 21:05:19.003" level="INFO">${nome} = Ann Chaney</msg>
<status status="PASS" starttime="20220711 21:05:19.003" endtime="20220711 21:05:19.003"/>
</kw>
<kw name="Email" library="FakerLibrary">
<var>${email}</var>
<msg timestamp="20220711 21:05:19.004" level="INFO">${email} = brenda70@example.net</msg>
<status status="PASS" starttime="20220711 21:05:19.004" endtime="20220711 21:05:19.004"/>
</kw>
<kw name="Create Dictionary" library="BuiltIn">
<var>${payload}</var>
<arg>nome=${nome}</arg>
<arg>email=${email}</arg>
<arg>password=senha123</arg>
<arg>administrador=true</arg>
<doc>Creates and returns a dictionary based on the given ``items``.</doc>
<msg timestamp="20220711 21:05:19.007" level="INFO">${payload} = {'nome': 'Ann Chaney', 'email': 'brenda70@example.net', 'password': 'senha123', 'administrador': 'true'}</msg>
<status status="PASS" starttime="20220711 21:05:19.004" endtime="20220711 21:05:19.007"/>
</kw>
<kw name="Log To Console" library="BuiltIn">
<arg>${payload}</arg>
<doc>Logs the given message to the console.</doc>
<status status="PASS" starttime="20220711 21:05:19.007" endtime="20220711 21:05:19.008"/>
</kw>
<msg timestamp="20220711 21:05:19.008" level="INFO">${payload} = {'nome': 'Ann Chaney', 'email': 'brenda70@example.net', 'password': 'senha123', 'administrador': 'true'}</msg>
<status status="PASS" starttime="20220711 21:05:19.003" endtime="20220711 21:05:19.008"/>
</kw>
<kw name="Set Global Variable" library="BuiltIn">
<arg>${payload}</arg>
<doc>Makes a variable available globally in all tests and suites.</doc>
<msg timestamp="20220711 21:05:19.008" level="INFO">${payload} = {'nome': 'Ann Chaney', 'email': 'brenda70@example.net', 'password': 'senha123', 'administrador': 'true'}</msg>
<status status="PASS" starttime="20220711 21:05:19.008" endtime="20220711 21:05:19.008"/>
</kw>
<status status="PASS" starttime="20220711 21:05:19.003" endtime="20220711 21:05:19.009"/>
</kw>
<kw name="PUT Novo Usuario Endpoint /usuarios" library="usuarios_keywords">
<kw name="PUT On Session" library="RequestsLibrary">
<var>${response}</var>
<arg>serverest</arg>
<arg>/usuarios/FwgIw7mrb7PET18N</arg>
<arg>data=&amp;{payload}</arg>
<arg>expected_status=any</arg>
<doc>Sends a PUT request on a previously created HTTP Session.</doc>
<msg timestamp="20220711 21:05:19.039" level="INFO">PUT Request : url=http://localhost:3000/usuarios/FwgIw7mrb7PET18N 
 path_url=/usuarios/FwgIw7mrb7PET18N 
 headers={'User-Agent': 'python-requests/2.28.0', 'Accept-Encoding': 'gzip, deflate', 'Accept': '*/*', 'Connection': 'keep-alive', 'Content-Length': '81', 'Content-Type': 'application/x-www-form-urlencoded'} 
 body=nome=Ann+Chaney&amp;email=brenda70%40example.net&amp;password=senha123&amp;administrador=true 
 </msg>
<msg timestamp="20220711 21:05:19.039" level="INFO">PUT Response : url=http://localhost:3000/usuarios/FwgIw7mrb7PET18N 
 status=201, reason=Created 
 headers={'Access-Control-Allow-Origin': '*', 'x-dns-prefetch-control': 'off', 'x-frame-options': 'SAMEORIGIN', 'strict-transport-security': 'max-age=15552000; includeSubDomains', 'x-download-options': 'noopen', 'x-content-type-options': 'nosniff', 'x-xss-protection': '1; mode=block', 'x-moesif-transaction-id': 'bc997344-9fdf-47b1-8994-d500259dabaf', 'Content-Type': 'application/json; charset=utf-8', 'Content-Length': '82', 'Date': 'Tue, 12 Jul 2022 00:05:19 GMT', 'Connection': 'keep-alive', 'Keep-Alive': 'timeout=5'} 
 body={
    "message": "Cadastro realizado com sucesso",
    "_id": "SYclywwdLyKnMNiq"
} 
 </msg>
<msg timestamp="20220711 21:05:19.039" level="INFO">${response} = &lt;Response [201]&gt;</msg>
<status status="PASS" starttime="20220711 21:05:19.009" endtime="20220711 21:05:19.039"/>
</kw>
<kw name="Log To Console" library="BuiltIn">
<arg>Response: ${response.content}</arg>
<doc>Logs the given message to the console.</doc>
<status status="PASS" starttime="20220711 21:05:19.039" endtime="20220711 21:05:19.041"/>
</kw>
<kw name="Set Global Variable" library="BuiltIn">
<arg>${response}</arg>
<doc>Makes a variable available globally in all tests and suites.</doc>
<msg timestamp="20220711 21:05:19.041" level="INFO">${response} = &lt;Response [201]&gt;</msg>
<status status="PASS" starttime="20220711 21:05:19.041" endtime="20220711 21:05:19.041"/>
</kw>
<status status="PASS" starttime="20220711 21:05:19.009" endtime="20220711 21:05:19.042"/>
</kw>
<kw name="Validar Status Code &quot;201&quot;" library="common" sourcename="Validar Status Code &quot;${statuscode}&quot;">
<kw name="Should Be True" library="BuiltIn">
<arg>${response.status_code} == ${statuscode}</arg>
<doc>Fails if the given condition is not true.</doc>
<status status="PASS" starttime="20220711 21:05:19.042" endtime="20220711 21:05:19.044"/>
</kw>
<status status="PASS" starttime="20220711 21:05:19.042" endtime="20220711 21:05:19.044"/>
</kw>
<tag>PUTNEWUSER</tag>
<status status="PASS" starttime="20220711 21:05:19.002" endtime="20220711 21:05:19.045"/>
</test>
<doc>Arquivo de Testes para o Endpoint /usuarios</doc>
<status status="PASS" starttime="20220711 21:05:18.573" endtime="20220711 21:05:19.046"/>
</suite>
<statistics>
<total>
<stat pass="1" fail="0" skip="0">All Tests</stat>
</total>
<tag>
<stat pass="1" fail="0" skip="0">PUTNEWUSER</stat>
</tag>
<suite>
<stat pass="1" fail="0" skip="0" id="s1" name="Usuario Test">Usuario Test</stat>
</suite>
</statistics>
<errors>
</errors>
</robot>
