<?xml version="1.0" encoding="UTF-8"?>
<robot generator="Robot 5.0.1 (Python 3.10.5 on win32)" generated="20220712 10:58:37.941" rpa="false" schemaversion="3">
<suite id="s1" name="Produto Test" source="C:\Users\CLARA\OneDrive\Documentos\Recrutamentos\compass uol\Estagio\Sprints\6\RoboTron_6_Maria_Dias_Compass\Testes\tests\produto_test.robot">
<kw name="Criar Sessao" library="base" type="SETUP">
<kw name="Create Session" library="RequestsLibrary">
<arg>serverest</arg>
<arg>${BASE_URI}</arg>
<doc>Create Session: create a HTTP session to a server</doc>
<msg timestamp="20220712 10:58:38.383" level="INFO">Creating Session using : alias=serverest, url=http://localhost:3000, headers={},                     cookies={}, auth=None, timeout=None, proxies=None, verify=False,                     debug=0 </msg>
<status status="PASS" starttime="20220712 10:58:38.382" endtime="20220712 10:58:38.383"/>
</kw>
<status status="PASS" starttime="20220712 10:58:38.382" endtime="20220712 10:58:38.383"/>
</kw>
<test id="s1-t1" name="Cenario: GET Listar Produtos 200" line="10">
<kw name="GET Endpoint /produtos" library="produtos_keywords">
<kw name="GET On Session" library="RequestsLibrary">
<var>${response}</var>
<arg>serverest</arg>
<arg>/produtos</arg>
<doc>Sends a GET request on a previously created HTTP Session.</doc>
<msg timestamp="20220712 10:58:38.396" level="INFO">GET Request : url=http://localhost:3000/produtos 
 path_url=/produtos 
 headers={'User-Agent': 'python-requests/2.28.0', 'Accept-Encoding': 'gzip, deflate', 'Accept': '*/*', 'Connection': 'keep-alive'} 
 body=None 
 </msg>
<msg timestamp="20220712 10:58:38.396" level="INFO">GET Response : url=http://localhost:3000/produtos 
 status=200, reason=OK 
 headers={'Access-Control-Allow-Origin': '*', 'x-dns-prefetch-control': 'off', 'x-frame-options': 'SAMEORIGIN', 'strict-transport-security': 'max-age=15552000; includeSubDomains', 'x-download-options': 'noopen', 'x-content-type-options': 'nosniff', 'x-xss-protection': '1; mode=block', 'x-moesif-transaction-id': '5f70b36a-ed97-447f-a5d9-ed517e5702ec', 'Content-Type': 'application/json; charset=utf-8', 'Content-Length': '6210', 'Date': 'Tue, 12 Jul 2022 13:58:38 GMT', 'Connection': 'keep-alive', 'Keep-Alive': 'timeout=5'} 
 body={
    "quantidade": 34,
    "produtos": [
        {
            "nome": "WebTech",
            "preco": 100,
            "descricao": "WebCam",
            "quantidade": 550,
            "_id": "0EHXzk7KjimOdwc2"
        },
        {
            "nome": "TecladoGamer",
            "preco": 150,
            "descricao": "Teclado",
            "quantidade": 550,
            "_id": "0SPoxolKEBX37l76"
        },
        {
            "nome": "MouseTech",
            "preco": 100,
            "descricao": "Mouse",
            "quantidade": 550,
            "_id": "2SO3haJQQR2jCP1j"
        },
        {
            "nome": "Work.",
            "preco": 3447,
            "descricao": "Reach.",
            "quantidade": 136,
            "_id": "47WDEXVxT34Zq2u8"
        },
        {
            "nome": "Body.",
            "preco": 983,
            "descricao": "Game.",
            "quantidade": 938,
            "_id": "538YR5V9UQeiczEk"
        },
        {
            "nome": "Fast.",
            "preco": 9270,
            "descricao": "It.",
            "quantidade": 756,
            "_id": "5AwvpSyNubnRy6yz"
        },
        {
            "nome": "Seat.",
            "preco": 555,
            "descricao": "Than.",
            "quantidade": 82,
            "_id": "6LZwkbXEcoh9BUPM"
        },
        {
            "nome": "Year.",
            "preco": 7265,
            "descricao": "Beat.",
            "quantidade": 359,
            "_id": "7v4zERO6eWpEDfWV"
        },
        {
            "nome": "Most.",
            "preco": 3593,
            "descricao": "Their.",
            "quantidade": 728,
            "_id": "91ItJczpvZMKQpLw"
        },
        {
            "nome": "Cell.",
            "preco": 6088,
            "descricao": "Maybe.",
            "quantidade": 832,
            "_id": "Az5gFq0ri7DlnepE"
        },
        {
            "nome": "SuperTecladoGamer",
            "preco": 150,
            "descricao": "Teclado",
            "quantidade": 539320,
            "_id": "BeeJh5lz3k6kSIzA"
        },
        {
            "nome": "To.",
            "preco": 8609,
            "descricao": "Car.",
            "quantidade": 215,
            "_id": "HHR1l287TP3R7lGN"
        },
        {
            "nome": "Samsung 60 polegadas",
            "preco": 5240,
            "descricao": "TV",
            "quantidade": 49962320,
            "_id": "K6leHdftCeOJj8BJ"
        },
        {
            "nome": "Job.",
            "preco": 4340,
            "descricao": "Pick.",
            "quantidade": 613,
            "_id": "Kd68Vdblx1Osdz35"
        },
        {
            "nome": "Real.",
            "preco": 7246,
            "descricao": "Fish.",
            "quantidade": 926,
            "_id": "LDFCfPgOUaeeWHok"
        },
        {
            "nome": "Need.",
            "preco": 7128,
            "descricao": "Guy.",
            "quantidade": 407,
            "_id": "OoJu6KPKT2HkohRl"
        },
        {
            "nome": "Cold.",
            "preco": 880,
            "descricao": "Very.",
            "quantidade": 819,
            "_id": "OwJVpHPF4JSUQmPR"
        },
        {
            "nome": "Top.",
            "preco": 1213,
            "descricao": "Just.",
            "quantidade": 800,
            "_id": "SUSYfRbl4M9DkYO9"
        },
        {
            "nome": "Over.",
            "preco": 7004,
            "descricao": "Son.",
            "quantidade": 827,
            "_id": "UGkmyXMAV9aGE6B0"
        },
        {
            "nome": "Half.",
            "preco": 516,
            "descricao": "Nor.",
            "quantidade": 281,
            "_id": "Xey827ZjdAgxAYTq"
        },
        {
            "nome": "Land.",
            "preco": 7073,
            "descricao": "Offer.",
            "quantidade": 224,
            "_id": "XsLV0C4c0ajAaBKF"
        },
        {
            "nome": "Lead.",
            "preco": 3559,
            "descricao": "Teach.",
            "quantidade": 292,
            "_id": "ZHdj1w0tRAqLs8Xb"
        },
        {
            "nome": "\"MouseGamerT",
            "preco": 100,
            "descricao": "Mouse",
            "quantidade": 550,
            "_id": "a5dYme6Rq6ch2B47"
        },
        {
            "nome": "Its.",
            "preco": 317,
            "descricao": "Truth.",
            "quantidade": 476,
            "_id": "cbVDmskR2bCdDFIv"
        },
        {
            "nome": "Role.",
            "preco": 4115,
            "descricao": "Huge.",
            "quantidade": 850,
            "_id": "dGqTkMUkFoThbk1h"
        },
        {
            "nome": "Rich.",
            "preco": 4545,
            "descricao": "Throw.",
            "quantidade": 736,
            "_id": "fSyqxiqGuuQJzUFy"
        },
        {
            "nome": "Ball.",
            "preco": 518,
            "descricao": "Phone.",
            "quantidade": 913,
            "_id": "h42QmDhEPa08Vg7W"
        },
        {
            "nome": "If.",
            "preco": 4055,
            "descricao": "Page.",
            "quantidade": 709,
            "_id": "kHPkDnm3WwlMKUXh"
        },
        {
            "nome": "May.",
            "preco": 6053,
            "descricao": "Out.",
            "quantidade": 304,
            "_id": "nkB3sIQZYz4Orkwx"
        },
        {
            "nome": "Step.",
            "preco": 5892,
            "descricao": "War.",
            "quantidade": 850,
            "_id": "tWadPiunjXP1WeIg"
        },
        {
            "nome": "Draw.",
            "preco": 295,
            "descricao": "Rate.",
            "quantidade": 499,
            "_id": "tjJ8W9VjCNfsFQfc"
        },
        {
            "nome": "Soon.",
            "preco": 249,
            "descricao": "Dog.",
            "quantidade": 869,
            "_id": "tmXpfb1n8D6hCPaG"
        },
        {
            "nome": "Low.",
            "preco": 1789,
            "descricao": "Guess.",
            "quantidade": 180,
            "_id": "vjltF0YqUTbuhyvB"
        },
        {
            "nome": "MouseGamer",
            "preco": 100,
            "descricao": "Mouse",
            "quantidade": 535320,
            "_id": "vqlWxIV5Ck6ZbYwo"
        }
    ]
} 
 </msg>
<msg timestamp="20220712 10:58:38.396" level="INFO">${response} = &lt;Response [200]&gt;</msg>
<status status="PASS" starttime="20220712 10:58:38.384" endtime="20220712 10:58:38.396"/>
</kw>
<kw name="Log To Console" library="BuiltIn">
<arg>Response: ${response.content}</arg>
<doc>Logs the given message to the console.</doc>
<status status="PASS" starttime="20220712 10:58:38.396" endtime="20220712 10:58:38.417"/>
</kw>
<kw name="Set Global Variable" library="BuiltIn">
<arg>${response}</arg>
<doc>Makes a variable available globally in all tests and suites.</doc>
<msg timestamp="20220712 10:58:38.418" level="INFO">${response} = &lt;Response [200]&gt;</msg>
<status status="PASS" starttime="20220712 10:58:38.417" endtime="20220712 10:58:38.418"/>
</kw>
<status status="PASS" starttime="20220712 10:58:38.384" endtime="20220712 10:58:38.418"/>
</kw>
<kw name="Validar Status Code &quot;200&quot;" library="common" sourcename="Validar Status Code &quot;${statuscode}&quot;">
<kw name="Should Be True" library="BuiltIn">
<arg>${response.status_code} == ${statuscode}</arg>
<doc>Fails if the given condition is not true.</doc>
<status status="PASS" starttime="20220712 10:58:38.419" endtime="20220712 10:58:38.420"/>
</kw>
<status status="PASS" starttime="20220712 10:58:38.418" endtime="20220712 10:58:38.421"/>
</kw>
<tag>GET</tag>
<tag>GETALL</tag>
<status status="PASS" starttime="20220712 10:58:38.383" endtime="20220712 10:58:38.443"/>
</test>
<test id="s1-t2" name="Cenario: GET Produtos Id 200" line="15">
<kw name="GET ID Endpoint /produtos" library="produtos_keywords">
<arg>${id_produto}</arg>
<kw name="GET On Session" library="RequestsLibrary">
<var>${response}</var>
<arg>serverest</arg>
<arg>/produtos/${id_produto}</arg>
<arg>expected_status=any</arg>
<doc>Sends a GET request on a previously created HTTP Session.</doc>
<msg timestamp="20220712 10:58:38.463" level="INFO">GET Request : url=http://localhost:3000/produtos/BeeJh5lz3k6kSIzA 
 path_url=/produtos/BeeJh5lz3k6kSIzA 
 headers={'User-Agent': 'python-requests/2.28.0', 'Accept-Encoding': 'gzip, deflate', 'Accept': '*/*', 'Connection': 'keep-alive'} 
 body=None 
 </msg>
<msg timestamp="20220712 10:58:38.463" level="INFO">GET Response : url=http://localhost:3000/produtos/BeeJh5lz3k6kSIzA 
 status=200, reason=OK 
 headers={'Access-Control-Allow-Origin': '*', 'x-dns-prefetch-control': 'off', 'x-frame-options': 'SAMEORIGIN', 'strict-transport-security': 'max-age=15552000; includeSubDomains', 'x-download-options': 'noopen', 'x-content-type-options': 'nosniff', 'x-xss-protection': '1; mode=block', 'x-moesif-transaction-id': '0b956dcf-eb51-4cfa-8954-8ffd443c0012', 'Content-Type': 'application/json; charset=utf-8', 'Content-Length': '138', 'Date': 'Tue, 12 Jul 2022 13:58:38 GMT', 'Connection': 'keep-alive', 'Keep-Alive': 'timeout=5'} 
 body={
    "nome": "SuperTecladoGamer",
    "preco": 150,
    "descricao": "Teclado",
    "quantidade": 539320,
    "_id": "BeeJh5lz3k6kSIzA"
} 
 </msg>
<msg timestamp="20220712 10:58:38.463" level="INFO">${response} = &lt;Response [200]&gt;</msg>
<status status="PASS" starttime="20220712 10:58:38.460" endtime="20220712 10:58:38.463"/>
</kw>
<kw name="Log To Console" library="BuiltIn">
<arg>Response: ${response.content}</arg>
<doc>Logs the given message to the console.</doc>
<status status="PASS" starttime="20220712 10:58:38.463" endtime="20220712 10:58:38.464"/>
</kw>
<kw name="Set Global Variable" library="BuiltIn">
<arg>${response}</arg>
<doc>Makes a variable available globally in all tests and suites.</doc>
<msg timestamp="20220712 10:58:38.465" level="INFO">${response} = &lt;Response [200]&gt;</msg>
<status status="PASS" starttime="20220712 10:58:38.464" endtime="20220712 10:58:38.465"/>
</kw>
<status status="PASS" starttime="20220712 10:58:38.459" endtime="20220712 10:58:38.465"/>
</kw>
<kw name="Validar Status Code &quot;200&quot;" library="common" sourcename="Validar Status Code &quot;${statuscode}&quot;">
<kw name="Should Be True" library="BuiltIn">
<arg>${response.status_code} == ${statuscode}</arg>
<doc>Fails if the given condition is not true.</doc>
<status status="PASS" starttime="20220712 10:58:38.465" endtime="20220712 10:58:38.466"/>
</kw>
<status status="PASS" starttime="20220712 10:58:38.465" endtime="20220712 10:58:38.466"/>
</kw>
<tag>GET</tag>
<tag>GETPRODUTOID</tag>
<status status="PASS" starttime="20220712 10:58:38.459" endtime="20220712 10:58:38.467"/>
</test>
<test id="s1-t3" name="Cenario: GET Produtos Id Nao Encontrado 400" line="20">
<kw name="GET ID Endpoint /produtos" library="produtos_keywords">
<arg>${id_produto_inv}</arg>
<kw name="GET On Session" library="RequestsLibrary">
<var>${response}</var>
<arg>serverest</arg>
<arg>/produtos/${id_produto}</arg>
<arg>expected_status=any</arg>
<doc>Sends a GET request on a previously created HTTP Session.</doc>
<msg timestamp="20220712 10:58:38.471" level="INFO">GET Request : url=http://localhost:3000/produtos/Inv4l1dT0k3nHce0 
 path_url=/produtos/Inv4l1dT0k3nHce0 
 headers={'User-Agent': 'python-requests/2.28.0', 'Accept-Encoding': 'gzip, deflate', 'Accept': '*/*', 'Connection': 'keep-alive'} 
 body=None 
 </msg>
<msg timestamp="20220712 10:58:38.471" level="INFO">GET Response : url=http://localhost:3000/produtos/Inv4l1dT0k3nHce0 
 status=400, reason=Bad Request 
 headers={'Access-Control-Allow-Origin': '*', 'x-dns-prefetch-control': 'off', 'x-frame-options': 'SAMEORIGIN', 'strict-transport-security': 'max-age=15552000; includeSubDomains', 'x-download-options': 'noopen', 'x-content-type-options': 'nosniff', 'x-xss-protection': '1; mode=block', 'x-moesif-transaction-id': '756d3d0c-ee48-442d-a40f-f53907c8149a', 'Content-Type': 'application/json; charset=utf-8', 'Content-Length': '44', 'Date': 'Tue, 12 Jul 2022 13:58:38 GMT', 'Connection': 'keep-alive', 'Keep-Alive': 'timeout=5'} 
 body={
    "message": "Produto não encontrado"
} 
 </msg>
<msg timestamp="20220712 10:58:38.471" level="INFO">${response} = &lt;Response [400]&gt;</msg>
<status status="PASS" starttime="20220712 10:58:38.468" endtime="20220712 10:58:38.471"/>
</kw>
<kw name="Log To Console" library="BuiltIn">
<arg>Response: ${response.content}</arg>
<doc>Logs the given message to the console.</doc>
<status status="PASS" starttime="20220712 10:58:38.471" endtime="20220712 10:58:38.472"/>
</kw>
<kw name="Set Global Variable" library="BuiltIn">
<arg>${response}</arg>
<doc>Makes a variable available globally in all tests and suites.</doc>
<msg timestamp="20220712 10:58:38.473" level="INFO">${response} = &lt;Response [400]&gt;</msg>
<status status="PASS" starttime="20220712 10:58:38.473" endtime="20220712 10:58:38.473"/>
</kw>
<status status="PASS" starttime="20220712 10:58:38.468" endtime="20220712 10:58:38.473"/>
</kw>
<kw name="Validar Status Code &quot;400&quot;" library="common" sourcename="Validar Status Code &quot;${statuscode}&quot;">
<kw name="Should Be True" library="BuiltIn">
<arg>${response.status_code} == ${statuscode}</arg>
<doc>Fails if the given condition is not true.</doc>
<status status="PASS" starttime="20220712 10:58:38.473" endtime="20220712 10:58:38.475"/>
</kw>
<status status="PASS" starttime="20220712 10:58:38.473" endtime="20220712 10:58:38.475"/>
</kw>
<tag>GET</tag>
<tag>GETPRODUTOEXC</tag>
<status status="PASS" starttime="20220712 10:58:38.468" endtime="20220712 10:58:38.475"/>
</test>
<test id="s1-t4" name="Cenario: POST Cadastrar Produto Dinanmico 201" line="25">
<kw name="POST Endpoint /login" library="login_keywords">
<arg>${email_para_login}</arg>
<arg>${password_para_login}</arg>
<kw name="Create Dictionary" library="BuiltIn">
<var>&amp;{payload}</var>
<arg>email=${email_para_login}</arg>
<arg>password=${password_para_login}</arg>
<doc>Creates and returns a dictionary based on the given ``items``.</doc>
<msg timestamp="20220712 10:58:38.477" level="INFO">&amp;{payload} = { email=fulano@qa.com | password=teste }</msg>
<status status="PASS" starttime="20220712 10:58:38.477" endtime="20220712 10:58:38.477"/>
</kw>
<kw name="POST On Session" library="RequestsLibrary">
<var>${login_response}</var>
<arg>serverest</arg>
<arg>/login</arg>
<arg>data=&amp;{payload}</arg>
<arg>expected_status=any</arg>
<doc>Sends a POST request on a previously created HTTP Session.</doc>
<msg timestamp="20220712 10:58:38.482" level="INFO">POST Request : url=http://localhost:3000/login 
 path_url=/login 
 headers={'User-Agent': 'python-requests/2.28.0', 'Accept-Encoding': 'gzip, deflate', 'Accept': '*/*', 'Connection': 'keep-alive', 'Content-Length': '36', 'Content-Type': 'application/x-www-form-urlencoded'} 
 body=email=fulano%40qa.com&amp;password=teste 
 </msg>
<msg timestamp="20220712 10:58:38.483" level="INFO">POST Response : url=http://localhost:3000/login 
 status=200, reason=OK 
 headers={'Access-Control-Allow-Origin': '*', 'x-dns-prefetch-control': 'off', 'x-frame-options': 'SAMEORIGIN', 'strict-transport-security': 'max-age=15552000; includeSubDomains', 'x-download-options': 'noopen', 'x-content-type-options': 'nosniff', 'x-xss-protection': '1; mode=block', 'x-moesif-transaction-id': '627e67c8-3e1f-41dc-8c5d-dfd1545bdc27', 'Content-Type': 'application/json; charset=utf-8', 'Content-Length': '265', 'Date': 'Tue, 12 Jul 2022 13:58:38 GMT', 'Connection': 'keep-alive', 'Keep-Alive': 'timeout=5'} 
 body={
    "message": "Login realizado com sucesso",
    "authorization": "Bearer eyJhbGciOiJIUzI1NiIsInR5cCI6IkpXVCJ9.eyJlbWFpbCI6ImZ1bGFub0BxYS5jb20iLCJwYXNzd29yZCI6InRlc3RlIiwiaWF0IjoxNjU3NjM0MzE4LCJleHAiOjE2NTc2MzQ5MTh9.cPFOvgFavWpwVLyArxHmMjhp42kB7ZS_zy7syxl1LUw"
} 
 </msg>
<msg timestamp="20220712 10:58:38.483" level="INFO">${login_response} = &lt;Response [200]&gt;</msg>
<status status="PASS" starttime="20220712 10:58:38.478" endtime="20220712 10:58:38.483"/>
</kw>
<kw name="Log To Console" library="BuiltIn">
<arg>Response: ${login_response.content}</arg>
<doc>Logs the given message to the console.</doc>
<status status="PASS" starttime="20220712 10:58:38.483" endtime="20220712 10:58:38.484"/>
</kw>
<kw name="Set Global Variable" library="BuiltIn">
<arg>${login_response}</arg>
<doc>Makes a variable available globally in all tests and suites.</doc>
<msg timestamp="20220712 10:58:38.485" level="INFO">${login_response} = &lt;Response [200]&gt;</msg>
<status status="PASS" starttime="20220712 10:58:38.484" endtime="20220712 10:58:38.485"/>
</kw>
<status status="PASS" starttime="20220712 10:58:38.476" endtime="20220712 10:58:38.485"/>
</kw>
<kw name="Fazer login e Armazenar Token" library="login_keywords">
<kw name="Validar Ter Logado" library="login_keywords">
<kw name="Should Be Equal" library="BuiltIn">
<arg>${login_response.json()["message"]}</arg>
<arg>Login realizado com sucesso</arg>
<doc>Fails if the given objects are unequal.</doc>
<status status="PASS" starttime="20220712 10:58:38.486" endtime="20220712 10:58:38.487"/>
</kw>
<kw name="Should Not Be Empty" library="BuiltIn">
<arg>${login_response.json()["authorization"]}</arg>
<doc>Verifies that the given item is not empty.</doc>
<msg timestamp="20220712 10:58:38.488" level="INFO">Length is 192</msg>
<status status="PASS" starttime="20220712 10:58:38.487" endtime="20220712 10:58:38.488"/>
</kw>
<status status="PASS" starttime="20220712 10:58:38.486" endtime="20220712 10:58:38.488"/>
</kw>
<kw name="Set Variable" library="BuiltIn">
<var>${token_auth}</var>
<arg>${login_response.json()["authorization"]}</arg>
<doc>Returns the given values which can then be assigned to a variables.</doc>
<msg timestamp="20220712 10:58:38.489" level="INFO">${token_auth} = Bearer eyJhbGciOiJIUzI1NiIsInR5cCI6IkpXVCJ9.eyJlbWFpbCI6ImZ1bGFub0BxYS5jb20iLCJwYXNzd29yZCI6InRlc3RlIiwiaWF0IjoxNjU3NjM0MzE4LCJleHAiOjE2NTc2MzQ5MTh9.cPFOvgFavWpwVLyArxHmMjhp42kB7ZS_zy7syxl1LUw</msg>
<status status="PASS" starttime="20220712 10:58:38.489" endtime="20220712 10:58:38.489"/>
</kw>
<kw name="Log To Console" library="BuiltIn">
<arg>Token Salvo:</arg>
<arg>${token_auth}</arg>
<doc>Logs the given message to the console.</doc>
<status status="PASS" starttime="20220712 10:58:38.489" endtime="20220712 10:58:38.490"/>
</kw>
<kw name="Set Global Variable" library="BuiltIn">
<arg>${token_auth}</arg>
<doc>Makes a variable available globally in all tests and suites.</doc>
<msg timestamp="20220712 10:58:38.490" level="INFO">${token_auth} = Bearer eyJhbGciOiJIUzI1NiIsInR5cCI6IkpXVCJ9.eyJlbWFpbCI6ImZ1bGFub0BxYS5jb20iLCJwYXNzd29yZCI6InRlc3RlIiwiaWF0IjoxNjU3NjM0MzE4LCJleHAiOjE2NTc2MzQ5MTh9.cPFOvgFavWpwVLyArxHmMjhp42kB7ZS_zy7syxl1LUw</msg>
<status status="PASS" starttime="20220712 10:58:38.490" endtime="20220712 10:58:38.490"/>
</kw>
<status status="PASS" starttime="20220712 10:58:38.486" endtime="20220712 10:58:38.491"/>
</kw>
<kw name="Cadastrar Produto Dinamico Valido" library="produtos_keywords">
<kw name="Criar Dados Dinamicos Produto Valido" library="dynamics">
<var>${payload}</var>
<kw name="Text" library="FakerLibrary">
<var>${nome_produto}</var>
<arg>max_nb_chars=5</arg>
<doc>Generate a text string.</doc>
<msg timestamp="20220712 10:58:38.492" level="INFO">${nome_produto} = Once.</msg>
<status status="PASS" starttime="20220712 10:58:38.492" endtime="20220712 10:58:38.492"/>
</kw>
<kw name="Random Number" library="FakerLibrary">
<var>${preco_produto}</var>
<arg>digits= 4</arg>
<doc>Generate a random integer according to the following rules:</doc>
<msg timestamp="20220712 10:58:38.493" level="INFO">${preco_produto} = 9280</msg>
<status status="PASS" starttime="20220712 10:58:38.492" endtime="20220712 10:58:38.493"/>
</kw>
<kw name="Text" library="FakerLibrary">
<var>${descricao_produto}</var>
<arg>max_nb_chars=6</arg>
<doc>Generate a text string.</doc>
<msg timestamp="20220712 10:58:38.493" level="INFO">${descricao_produto} = Lay.</msg>
<status status="PASS" starttime="20220712 10:58:38.493" endtime="20220712 10:58:38.493"/>
</kw>
<kw name="Random Number" library="FakerLibrary">
<var>${quantidade_produto}</var>
<arg>digits= 3</arg>
<doc>Generate a random integer according to the following rules:</doc>
<msg timestamp="20220712 10:58:38.493" level="INFO">${quantidade_produto} = 841</msg>
<status status="PASS" starttime="20220712 10:58:38.493" endtime="20220712 10:58:38.493"/>
</kw>
<kw name="Create Dictionary" library="BuiltIn">
<var>${payload}</var>
<arg>nome=${nome_produto}</arg>
<arg>preco=${preco_produto}</arg>
<arg>descricao=${descricao_produto}</arg>
<arg>quantidade=${quantidade_produto}</arg>
<doc>Creates and returns a dictionary based on the given ``items``.</doc>
<msg timestamp="20220712 10:58:38.494" level="INFO">${payload} = {'nome': 'Once.', 'preco': 9280, 'descricao': 'Lay.', 'quantidade': 841}</msg>
<status status="PASS" starttime="20220712 10:58:38.493" endtime="20220712 10:58:38.494"/>
</kw>
<kw name="Log To Console" library="BuiltIn">
<arg>${payload}</arg>
<doc>Logs the given message to the console.</doc>
<status status="PASS" starttime="20220712 10:58:38.494" endtime="20220712 10:58:38.494"/>
</kw>
<msg timestamp="20220712 10:58:38.495" level="INFO">${payload} = {'nome': 'Once.', 'preco': 9280, 'descricao': 'Lay.', 'quantidade': 841}</msg>
<status status="PASS" starttime="20220712 10:58:38.491" endtime="20220712 10:58:38.495"/>
</kw>
<kw name="Set Global Variable" library="BuiltIn">
<arg>${payload}</arg>
<doc>Makes a variable available globally in all tests and suites.</doc>
<msg timestamp="20220712 10:58:38.495" level="INFO">${payload} = {'nome': 'Once.', 'preco': 9280, 'descricao': 'Lay.', 'quantidade': 841}</msg>
<status status="PASS" starttime="20220712 10:58:38.495" endtime="20220712 10:58:38.495"/>
</kw>
<status status="PASS" starttime="20220712 10:58:38.491" endtime="20220712 10:58:38.495"/>
</kw>
<kw name="POST Endpoint /produtos" library="produtos_keywords">
<kw name="Create Dictionary" library="BuiltIn">
<var>&amp;{header}</var>
<arg>Authorization=${token_auth}</arg>
<doc>Creates and returns a dictionary based on the given ``items``.</doc>
<msg timestamp="20220712 10:58:38.496" level="INFO">&amp;{header} = { Authorization=Bearer eyJhbGciOiJIUzI1NiIsInR5cCI6IkpXVCJ9.eyJlbWFpbCI6ImZ1bGFub0BxYS5jb20iLCJwYXNzd29yZCI6InRlc3RlIiwiaWF0IjoxNjU3NjM0MzE4LCJleHAiOjE2NTc2MzQ5MTh9.cPFOvgFavWpwVLyArxHmMjhp42kB7ZS_zy7...</msg>
<status status="PASS" starttime="20220712 10:58:38.496" endtime="20220712 10:58:38.496"/>
</kw>
<kw name="POST On Session" library="RequestsLibrary">
<var>${response}</var>
<arg>serverest</arg>
<arg>/produtos</arg>
<arg>json=${payload}</arg>
<arg>headers=${header}</arg>
<arg>expected_status=any</arg>
<doc>Sends a POST request on a previously created HTTP Session.</doc>
<msg timestamp="20220712 10:58:38.500" level="INFO">POST Request : url=http://localhost:3000/produtos 
 path_url=/produtos 
 headers={'User-Agent': 'python-requests/2.28.0', 'Accept-Encoding': 'gzip, deflate', 'Accept': '*/*', 'Connection': 'keep-alive', 'Authorization': 'Bearer eyJhbGciOiJIUzI1NiIsInR5cCI6IkpXVCJ9.eyJlbWFpbCI6ImZ1bGFub0BxYS5jb20iLCJwYXNzd29yZCI6InRlc3RlIiwiaWF0IjoxNjU3NjM0MzE4LCJleHAiOjE2NTc2MzQ5MTh9.cPFOvgFavWpwVLyArxHmMjhp42kB7ZS_zy7syxl1LUw', 'Content-Length': '72', 'Content-Type': 'application/json'} 
 body=b'{"nome": "Once.", "preco": 9280, "descricao": "Lay.", "quantidade": 841}' 
 </msg>
<msg timestamp="20220712 10:58:38.501" level="INFO">POST Response : url=http://localhost:3000/produtos 
 status=201, reason=Created 
 headers={'Access-Control-Allow-Origin': '*', 'x-dns-prefetch-control': 'off', 'x-frame-options': 'SAMEORIGIN', 'strict-transport-security': 'max-age=15552000; includeSubDomains', 'x-download-options': 'noopen', 'x-content-type-options': 'nosniff', 'x-xss-protection': '1; mode=block', 'x-moesif-transaction-id': 'd76e7c13-58dd-4fbc-9427-2b57aba80708', 'Content-Type': 'application/json; charset=utf-8', 'Content-Length': '82', 'Date': 'Tue, 12 Jul 2022 13:58:38 GMT', 'Connection': 'keep-alive', 'Keep-Alive': 'timeout=5'} 
 body={
    "message": "Cadastro realizado com sucesso",
    "_id": "F2m7SnbwkeEazi7C"
} 
 </msg>
<msg timestamp="20220712 10:58:38.501" level="INFO">${response} = &lt;Response [201]&gt;</msg>
<status status="PASS" starttime="20220712 10:58:38.496" endtime="20220712 10:58:38.501"/>
</kw>
<kw name="Log To Console" library="BuiltIn">
<arg>Response: ${response.content}</arg>
<doc>Logs the given message to the console.</doc>
<status status="PASS" starttime="20220712 10:58:38.501" endtime="20220712 10:58:38.503"/>
</kw>
<kw name="Set Global Variable" library="BuiltIn">
<arg>${response}</arg>
<doc>Makes a variable available globally in all tests and suites.</doc>
<msg timestamp="20220712 10:58:38.503" level="INFO">${response} = &lt;Response [201]&gt;</msg>
<status status="PASS" starttime="20220712 10:58:38.503" endtime="20220712 10:58:38.503"/>
</kw>
<status status="PASS" starttime="20220712 10:58:38.495" endtime="20220712 10:58:38.503"/>
</kw>
<kw name="Validar Status Code &quot;201&quot;" library="common" sourcename="Validar Status Code &quot;${statuscode}&quot;">
<kw name="Should Be True" library="BuiltIn">
<arg>${response.status_code} == ${statuscode}</arg>
<doc>Fails if the given condition is not true.</doc>
<status status="PASS" starttime="20220712 10:58:38.504" endtime="20220712 10:58:38.505"/>
</kw>
<status status="PASS" starttime="20220712 10:58:38.504" endtime="20220712 10:58:38.505"/>
</kw>
<tag>POST</tag>
<tag>POSTPRODUTODINAMICO</tag>
<status status="PASS" starttime="20220712 10:58:38.476" endtime="20220712 10:58:38.505"/>
</test>
<test id="s1-t5" name="Cenario: POST Cadastrar o Mesmo Produto 400" line="33">
<kw name="POST Endpoint /login" library="login_keywords">
<arg>${email_para_login}</arg>
<arg>${password_para_login}</arg>
<kw name="Create Dictionary" library="BuiltIn">
<var>&amp;{payload}</var>
<arg>email=${email_para_login}</arg>
<arg>password=${password_para_login}</arg>
<doc>Creates and returns a dictionary based on the given ``items``.</doc>
<msg timestamp="20220712 10:58:38.507" level="INFO">&amp;{payload} = { email=fulano@qa.com | password=teste }</msg>
<status status="PASS" starttime="20220712 10:58:38.507" endtime="20220712 10:58:38.507"/>
</kw>
<kw name="POST On Session" library="RequestsLibrary">
<var>${login_response}</var>
<arg>serverest</arg>
<arg>/login</arg>
<arg>data=&amp;{payload}</arg>
<arg>expected_status=any</arg>
<doc>Sends a POST request on a previously created HTTP Session.</doc>
<msg timestamp="20220712 10:58:38.512" level="INFO">POST Request : url=http://localhost:3000/login 
 path_url=/login 
 headers={'User-Agent': 'python-requests/2.28.0', 'Accept-Encoding': 'gzip, deflate', 'Accept': '*/*', 'Connection': 'keep-alive', 'Content-Length': '36', 'Content-Type': 'application/x-www-form-urlencoded'} 
 body=email=fulano%40qa.com&amp;password=teste 
 </msg>
<msg timestamp="20220712 10:58:38.512" level="INFO">POST Response : url=http://localhost:3000/login 
 status=200, reason=OK 
 headers={'Access-Control-Allow-Origin': '*', 'x-dns-prefetch-control': 'off', 'x-frame-options': 'SAMEORIGIN', 'strict-transport-security': 'max-age=15552000; includeSubDomains', 'x-download-options': 'noopen', 'x-content-type-options': 'nosniff', 'x-xss-protection': '1; mode=block', 'x-moesif-transaction-id': 'd4ba4540-11be-4910-ad2e-7d9e240508ca', 'Content-Type': 'application/json; charset=utf-8', 'Content-Length': '265', 'Date': 'Tue, 12 Jul 2022 13:58:38 GMT', 'Connection': 'keep-alive', 'Keep-Alive': 'timeout=5'} 
 body={
    "message": "Login realizado com sucesso",
    "authorization": "Bearer eyJhbGciOiJIUzI1NiIsInR5cCI6IkpXVCJ9.eyJlbWFpbCI6ImZ1bGFub0BxYS5jb20iLCJwYXNzd29yZCI6InRlc3RlIiwiaWF0IjoxNjU3NjM0MzE4LCJleHAiOjE2NTc2MzQ5MTh9.cPFOvgFavWpwVLyArxHmMjhp42kB7ZS_zy7syxl1LUw"
} 
 </msg>
<msg timestamp="20220712 10:58:38.513" level="INFO">${login_response} = &lt;Response [200]&gt;</msg>
<status status="PASS" starttime="20220712 10:58:38.507" endtime="20220712 10:58:38.513"/>
</kw>
<kw name="Log To Console" library="BuiltIn">
<arg>Response: ${login_response.content}</arg>
<doc>Logs the given message to the console.</doc>
<status status="PASS" starttime="20220712 10:58:38.513" endtime="20220712 10:58:38.513"/>
</kw>
<kw name="Set Global Variable" library="BuiltIn">
<arg>${login_response}</arg>
<doc>Makes a variable available globally in all tests and suites.</doc>
<msg timestamp="20220712 10:58:38.515" level="INFO">${login_response} = &lt;Response [200]&gt;</msg>
<status status="PASS" starttime="20220712 10:58:38.515" endtime="20220712 10:58:38.515"/>
</kw>
<status status="PASS" starttime="20220712 10:58:38.506" endtime="20220712 10:58:38.515"/>
</kw>
<kw name="Fazer login e Armazenar Token" library="login_keywords">
<kw name="Validar Ter Logado" library="login_keywords">
<kw name="Should Be Equal" library="BuiltIn">
<arg>${login_response.json()["message"]}</arg>
<arg>Login realizado com sucesso</arg>
<doc>Fails if the given objects are unequal.</doc>
<status status="PASS" starttime="20220712 10:58:38.516" endtime="20220712 10:58:38.518"/>
</kw>
<kw name="Should Not Be Empty" library="BuiltIn">
<arg>${login_response.json()["authorization"]}</arg>
<doc>Verifies that the given item is not empty.</doc>
<msg timestamp="20220712 10:58:38.520" level="INFO">Length is 192</msg>
<status status="PASS" starttime="20220712 10:58:38.518" endtime="20220712 10:58:38.521"/>
</kw>
<status status="PASS" starttime="20220712 10:58:38.516" endtime="20220712 10:58:38.521"/>
</kw>
<kw name="Set Variable" library="BuiltIn">
<var>${token_auth}</var>
<arg>${login_response.json()["authorization"]}</arg>
<doc>Returns the given values which can then be assigned to a variables.</doc>
<msg timestamp="20220712 10:58:38.523" level="INFO">${token_auth} = Bearer eyJhbGciOiJIUzI1NiIsInR5cCI6IkpXVCJ9.eyJlbWFpbCI6ImZ1bGFub0BxYS5jb20iLCJwYXNzd29yZCI6InRlc3RlIiwiaWF0IjoxNjU3NjM0MzE4LCJleHAiOjE2NTc2MzQ5MTh9.cPFOvgFavWpwVLyArxHmMjhp42kB7ZS_zy7syxl1LUw</msg>
<status status="PASS" starttime="20220712 10:58:38.522" endtime="20220712 10:58:38.523"/>
</kw>
<kw name="Log To Console" library="BuiltIn">
<arg>Token Salvo:</arg>
<arg>${token_auth}</arg>
<doc>Logs the given message to the console.</doc>
<status status="PASS" starttime="20220712 10:58:38.524" endtime="20220712 10:58:38.525"/>
</kw>
<kw name="Set Global Variable" library="BuiltIn">
<arg>${token_auth}</arg>
<doc>Makes a variable available globally in all tests and suites.</doc>
<msg timestamp="20220712 10:58:38.526" level="INFO">${token_auth} = Bearer eyJhbGciOiJIUzI1NiIsInR5cCI6IkpXVCJ9.eyJlbWFpbCI6ImZ1bGFub0BxYS5jb20iLCJwYXNzd29yZCI6InRlc3RlIiwiaWF0IjoxNjU3NjM0MzE4LCJleHAiOjE2NTc2MzQ5MTh9.cPFOvgFavWpwVLyArxHmMjhp42kB7ZS_zy7syxl1LUw</msg>
<status status="PASS" starttime="20220712 10:58:38.525" endtime="20220712 10:58:38.526"/>
</kw>
<status status="PASS" starttime="20220712 10:58:38.516" endtime="20220712 10:58:38.526"/>
</kw>
<kw name="Cadastrar Produto Dinamico Valido" library="produtos_keywords">
<kw name="Criar Dados Dinamicos Produto Valido" library="dynamics">
<var>${payload}</var>
<kw name="Text" library="FakerLibrary">
<var>${nome_produto}</var>
<arg>max_nb_chars=5</arg>
<doc>Generate a text string.</doc>
<msg timestamp="20220712 10:58:38.528" level="INFO">${nome_produto} = Drug.</msg>
<status status="PASS" starttime="20220712 10:58:38.528" endtime="20220712 10:58:38.528"/>
</kw>
<kw name="Random Number" library="FakerLibrary">
<var>${preco_produto}</var>
<arg>digits= 4</arg>
<doc>Generate a random integer according to the following rules:</doc>
<msg timestamp="20220712 10:58:38.529" level="INFO">${preco_produto} = 1669</msg>
<status status="PASS" starttime="20220712 10:58:38.528" endtime="20220712 10:58:38.529"/>
</kw>
<kw name="Text" library="FakerLibrary">
<var>${descricao_produto}</var>
<arg>max_nb_chars=6</arg>
<doc>Generate a text string.</doc>
<msg timestamp="20220712 10:58:38.529" level="INFO">${descricao_produto} = Add.</msg>
<status status="PASS" starttime="20220712 10:58:38.529" endtime="20220712 10:58:38.529"/>
</kw>
<kw name="Random Number" library="FakerLibrary">
<var>${quantidade_produto}</var>
<arg>digits= 3</arg>
<doc>Generate a random integer according to the following rules:</doc>
<msg timestamp="20220712 10:58:38.530" level="INFO">${quantidade_produto} = 640</msg>
<status status="PASS" starttime="20220712 10:58:38.529" endtime="20220712 10:58:38.530"/>
</kw>
<kw name="Create Dictionary" library="BuiltIn">
<var>${payload}</var>
<arg>nome=${nome_produto}</arg>
<arg>preco=${preco_produto}</arg>
<arg>descricao=${descricao_produto}</arg>
<arg>quantidade=${quantidade_produto}</arg>
<doc>Creates and returns a dictionary based on the given ``items``.</doc>
<msg timestamp="20220712 10:58:38.531" level="INFO">${payload} = {'nome': 'Drug.', 'preco': 1669, 'descricao': 'Add.', 'quantidade': 640}</msg>
<status status="PASS" starttime="20220712 10:58:38.530" endtime="20220712 10:58:38.531"/>
</kw>
<kw name="Log To Console" library="BuiltIn">
<arg>${payload}</arg>
<doc>Logs the given message to the console.</doc>
<status status="PASS" starttime="20220712 10:58:38.531" endtime="20220712 10:58:38.532"/>
</kw>
<msg timestamp="20220712 10:58:38.532" level="INFO">${payload} = {'nome': 'Drug.', 'preco': 1669, 'descricao': 'Add.', 'quantidade': 640}</msg>
<status status="PASS" starttime="20220712 10:58:38.527" endtime="20220712 10:58:38.532"/>
</kw>
<kw name="Set Global Variable" library="BuiltIn">
<arg>${payload}</arg>
<doc>Makes a variable available globally in all tests and suites.</doc>
<msg timestamp="20220712 10:58:38.533" level="INFO">${payload} = {'nome': 'Drug.', 'preco': 1669, 'descricao': 'Add.', 'quantidade': 640}</msg>
<status status="PASS" starttime="20220712 10:58:38.532" endtime="20220712 10:58:38.533"/>
</kw>
<status status="PASS" starttime="20220712 10:58:38.526" endtime="20220712 10:58:38.533"/>
</kw>
<kw name="POST Endpoint /produtos" library="produtos_keywords">
<kw name="Create Dictionary" library="BuiltIn">
<var>&amp;{header}</var>
<arg>Authorization=${token_auth}</arg>
<doc>Creates and returns a dictionary based on the given ``items``.</doc>
<msg timestamp="20220712 10:58:38.535" level="INFO">&amp;{header} = { Authorization=Bearer eyJhbGciOiJIUzI1NiIsInR5cCI6IkpXVCJ9.eyJlbWFpbCI6ImZ1bGFub0BxYS5jb20iLCJwYXNzd29yZCI6InRlc3RlIiwiaWF0IjoxNjU3NjM0MzE4LCJleHAiOjE2NTc2MzQ5MTh9.cPFOvgFavWpwVLyArxHmMjhp42kB7ZS_zy7...</msg>
<status status="PASS" starttime="20220712 10:58:38.534" endtime="20220712 10:58:38.535"/>
</kw>
<kw name="POST On Session" library="RequestsLibrary">
<var>${response}</var>
<arg>serverest</arg>
<arg>/produtos</arg>
<arg>json=${payload}</arg>
<arg>headers=${header}</arg>
<arg>expected_status=any</arg>
<doc>Sends a POST request on a previously created HTTP Session.</doc>
<msg timestamp="20220712 10:58:38.542" level="INFO">POST Request : url=http://localhost:3000/produtos 
 path_url=/produtos 
 headers={'User-Agent': 'python-requests/2.28.0', 'Accept-Encoding': 'gzip, deflate', 'Accept': '*/*', 'Connection': 'keep-alive', 'Authorization': 'Bearer eyJhbGciOiJIUzI1NiIsInR5cCI6IkpXVCJ9.eyJlbWFpbCI6ImZ1bGFub0BxYS5jb20iLCJwYXNzd29yZCI6InRlc3RlIiwiaWF0IjoxNjU3NjM0MzE4LCJleHAiOjE2NTc2MzQ5MTh9.cPFOvgFavWpwVLyArxHmMjhp42kB7ZS_zy7syxl1LUw', 'Content-Length': '72', 'Content-Type': 'application/json'} 
 body=b'{"nome": "Drug.", "preco": 1669, "descricao": "Add.", "quantidade": 640}' 
 </msg>
<msg timestamp="20220712 10:58:38.542" level="INFO">POST Response : url=http://localhost:3000/produtos 
 status=201, reason=Created 
 headers={'Access-Control-Allow-Origin': '*', 'x-dns-prefetch-control': 'off', 'x-frame-options': 'SAMEORIGIN', 'strict-transport-security': 'max-age=15552000; includeSubDomains', 'x-download-options': 'noopen', 'x-content-type-options': 'nosniff', 'x-xss-protection': '1; mode=block', 'x-moesif-transaction-id': 'b5672a44-5b1f-4e79-9639-86407b39d69f', 'Content-Type': 'application/json; charset=utf-8', 'Content-Length': '82', 'Date': 'Tue, 12 Jul 2022 13:58:38 GMT', 'Connection': 'keep-alive', 'Keep-Alive': 'timeout=5'} 
 body={
    "message": "Cadastro realizado com sucesso",
    "_id": "0vWi1xePlPdrbQhG"
} 
 </msg>
<msg timestamp="20220712 10:58:38.542" level="INFO">${response} = &lt;Response [201]&gt;</msg>
<status status="PASS" starttime="20220712 10:58:38.535" endtime="20220712 10:58:38.542"/>
</kw>
<kw name="Log To Console" library="BuiltIn">
<arg>Response: ${response.content}</arg>
<doc>Logs the given message to the console.</doc>
<status status="PASS" starttime="20220712 10:58:38.542" endtime="20220712 10:58:38.543"/>
</kw>
<kw name="Set Global Variable" library="BuiltIn">
<arg>${response}</arg>
<doc>Makes a variable available globally in all tests and suites.</doc>
<msg timestamp="20220712 10:58:38.544" level="INFO">${response} = &lt;Response [201]&gt;</msg>
<status status="PASS" starttime="20220712 10:58:38.543" endtime="20220712 10:58:38.544"/>
</kw>
<status status="PASS" starttime="20220712 10:58:38.533" endtime="20220712 10:58:38.544"/>
</kw>
<kw name="POST Endpoint /produtos" library="produtos_keywords">
<kw name="Create Dictionary" library="BuiltIn">
<var>&amp;{header}</var>
<arg>Authorization=${token_auth}</arg>
<doc>Creates and returns a dictionary based on the given ``items``.</doc>
<msg timestamp="20220712 10:58:38.545" level="INFO">&amp;{header} = { Authorization=Bearer eyJhbGciOiJIUzI1NiIsInR5cCI6IkpXVCJ9.eyJlbWFpbCI6ImZ1bGFub0BxYS5jb20iLCJwYXNzd29yZCI6InRlc3RlIiwiaWF0IjoxNjU3NjM0MzE4LCJleHAiOjE2NTc2MzQ5MTh9.cPFOvgFavWpwVLyArxHmMjhp42kB7ZS_zy7...</msg>
<status status="PASS" starttime="20220712 10:58:38.545" endtime="20220712 10:58:38.545"/>
</kw>
<kw name="POST On Session" library="RequestsLibrary">
<var>${response}</var>
<arg>serverest</arg>
<arg>/produtos</arg>
<arg>json=${payload}</arg>
<arg>headers=${header}</arg>
<arg>expected_status=any</arg>
<doc>Sends a POST request on a previously created HTTP Session.</doc>
<msg timestamp="20220712 10:58:38.549" level="INFO">POST Request : url=http://localhost:3000/produtos 
 path_url=/produtos 
 headers={'User-Agent': 'python-requests/2.28.0', 'Accept-Encoding': 'gzip, deflate', 'Accept': '*/*', 'Connection': 'keep-alive', 'Authorization': 'Bearer eyJhbGciOiJIUzI1NiIsInR5cCI6IkpXVCJ9.eyJlbWFpbCI6ImZ1bGFub0BxYS5jb20iLCJwYXNzd29yZCI6InRlc3RlIiwiaWF0IjoxNjU3NjM0MzE4LCJleHAiOjE2NTc2MzQ5MTh9.cPFOvgFavWpwVLyArxHmMjhp42kB7ZS_zy7syxl1LUw', 'Content-Length': '72', 'Content-Type': 'application/json'} 
 body=b'{"nome": "Drug.", "preco": 1669, "descricao": "Add.", "quantidade": 640}' 
 </msg>
<msg timestamp="20220712 10:58:38.550" level="INFO">POST Response : url=http://localhost:3000/produtos 
 status=400, reason=Bad Request 
 headers={'Access-Control-Allow-Origin': '*', 'x-dns-prefetch-control': 'off', 'x-frame-options': 'SAMEORIGIN', 'strict-transport-security': 'max-age=15552000; includeSubDomains', 'x-download-options': 'noopen', 'x-content-type-options': 'nosniff', 'x-xss-protection': '1; mode=block', 'x-moesif-transaction-id': 'aba6cf26-4110-4fd0-8715-c3eeb1e18cfd', 'Content-Type': 'application/json; charset=utf-8', 'Content-Length': '53', 'Date': 'Tue, 12 Jul 2022 13:58:38 GMT', 'Connection': 'keep-alive', 'Keep-Alive': 'timeout=5'} 
 body={
    "message": "Já existe produto com esse nome"
} 
 </msg>
<msg timestamp="20220712 10:58:38.550" level="INFO">${response} = &lt;Response [400]&gt;</msg>
<status status="PASS" starttime="20220712 10:58:38.545" endtime="20220712 10:58:38.550"/>
</kw>
<kw name="Log To Console" library="BuiltIn">
<arg>Response: ${response.content}</arg>
<doc>Logs the given message to the console.</doc>
<status status="PASS" starttime="20220712 10:58:38.551" endtime="20220712 10:58:38.552"/>
</kw>
<kw name="Set Global Variable" library="BuiltIn">
<arg>${response}</arg>
<doc>Makes a variable available globally in all tests and suites.</doc>
<msg timestamp="20220712 10:58:38.553" level="INFO">${response} = &lt;Response [400]&gt;</msg>
<status status="PASS" starttime="20220712 10:58:38.552" endtime="20220712 10:58:38.553"/>
</kw>
<status status="PASS" starttime="20220712 10:58:38.544" endtime="20220712 10:58:38.553"/>
</kw>
<kw name="Validar Status Code &quot;400&quot;" library="common" sourcename="Validar Status Code &quot;${statuscode}&quot;">
<kw name="Should Be True" library="BuiltIn">
<arg>${response.status_code} == ${statuscode}</arg>
<doc>Fails if the given condition is not true.</doc>
<status status="PASS" starttime="20220712 10:58:38.553" endtime="20220712 10:58:38.554"/>
</kw>
<status status="PASS" starttime="20220712 10:58:38.553" endtime="20220712 10:58:38.555"/>
</kw>
<tag>POST</tag>
<tag>POSTMESMOPRODUTO</tag>
<status status="PASS" starttime="20220712 10:58:38.506" endtime="20220712 10:58:38.555"/>
</test>
<test id="s1-t6" name="Cenario: POST Cadastrar Produto Token Ausente 401" line="42">
<kw name="POST Endpoint /login" library="login_keywords">
<arg>${email_para_login}</arg>
<arg>${password_para_login}</arg>
<kw name="Create Dictionary" library="BuiltIn">
<var>&amp;{payload}</var>
<arg>email=${email_para_login}</arg>
<arg>password=${password_para_login}</arg>
<doc>Creates and returns a dictionary based on the given ``items``.</doc>
<msg timestamp="20220712 10:58:38.557" level="INFO">&amp;{payload} = { email=fulano@qa.com | password=teste }</msg>
<status status="PASS" starttime="20220712 10:58:38.557" endtime="20220712 10:58:38.557"/>
</kw>
<kw name="POST On Session" library="RequestsLibrary">
<var>${login_response}</var>
<arg>serverest</arg>
<arg>/login</arg>
<arg>data=&amp;{payload}</arg>
<arg>expected_status=any</arg>
<doc>Sends a POST request on a previously created HTTP Session.</doc>
<msg timestamp="20220712 10:58:38.563" level="INFO">POST Request : url=http://localhost:3000/login 
 path_url=/login 
 headers={'User-Agent': 'python-requests/2.28.0', 'Accept-Encoding': 'gzip, deflate', 'Accept': '*/*', 'Connection': 'keep-alive', 'Content-Length': '36', 'Content-Type': 'application/x-www-form-urlencoded'} 
 body=email=fulano%40qa.com&amp;password=teste 
 </msg>
<msg timestamp="20220712 10:58:38.564" level="INFO">POST Response : url=http://localhost:3000/login 
 status=200, reason=OK 
 headers={'Access-Control-Allow-Origin': '*', 'x-dns-prefetch-control': 'off', 'x-frame-options': 'SAMEORIGIN', 'strict-transport-security': 'max-age=15552000; includeSubDomains', 'x-download-options': 'noopen', 'x-content-type-options': 'nosniff', 'x-xss-protection': '1; mode=block', 'x-moesif-transaction-id': '43dab696-50c1-47ae-90c5-db3521e5e799', 'Content-Type': 'application/json; charset=utf-8', 'Content-Length': '265', 'Date': 'Tue, 12 Jul 2022 13:58:38 GMT', 'Connection': 'keep-alive', 'Keep-Alive': 'timeout=5'} 
 body={
    "message": "Login realizado com sucesso",
    "authorization": "Bearer eyJhbGciOiJIUzI1NiIsInR5cCI6IkpXVCJ9.eyJlbWFpbCI6ImZ1bGFub0BxYS5jb20iLCJwYXNzd29yZCI6InRlc3RlIiwiaWF0IjoxNjU3NjM0MzE4LCJleHAiOjE2NTc2MzQ5MTh9.cPFOvgFavWpwVLyArxHmMjhp42kB7ZS_zy7syxl1LUw"
} 
 </msg>
<msg timestamp="20220712 10:58:38.564" level="INFO">${login_response} = &lt;Response [200]&gt;</msg>
<status status="PASS" starttime="20220712 10:58:38.557" endtime="20220712 10:58:38.564"/>
</kw>
<kw name="Log To Console" library="BuiltIn">
<arg>Response: ${login_response.content}</arg>
<doc>Logs the given message to the console.</doc>
<status status="PASS" starttime="20220712 10:58:38.564" endtime="20220712 10:58:38.566"/>
</kw>
<kw name="Set Global Variable" library="BuiltIn">
<arg>${login_response}</arg>
<doc>Makes a variable available globally in all tests and suites.</doc>
<msg timestamp="20220712 10:58:38.567" level="INFO">${login_response} = &lt;Response [200]&gt;</msg>
<status status="PASS" starttime="20220712 10:58:38.566" endtime="20220712 10:58:38.567"/>
</kw>
<status status="PASS" starttime="20220712 10:58:38.556" endtime="20220712 10:58:38.567"/>
</kw>
<kw name="Fazer login e Armazenar Token" library="login_keywords">
<kw name="Validar Ter Logado" library="login_keywords">
<kw name="Should Be Equal" library="BuiltIn">
<arg>${login_response.json()["message"]}</arg>
<arg>Login realizado com sucesso</arg>
<doc>Fails if the given objects are unequal.</doc>
<status status="PASS" starttime="20220712 10:58:38.570" endtime="20220712 10:58:38.572"/>
</kw>
<kw name="Should Not Be Empty" library="BuiltIn">
<arg>${login_response.json()["authorization"]}</arg>
<doc>Verifies that the given item is not empty.</doc>
<msg timestamp="20220712 10:58:38.574" level="INFO">Length is 192</msg>
<status status="PASS" starttime="20220712 10:58:38.572" endtime="20220712 10:58:38.574"/>
</kw>
<status status="PASS" starttime="20220712 10:58:38.569" endtime="20220712 10:58:38.574"/>
</kw>
<kw name="Set Variable" library="BuiltIn">
<var>${token_auth}</var>
<arg>${login_response.json()["authorization"]}</arg>
<doc>Returns the given values which can then be assigned to a variables.</doc>
<msg timestamp="20220712 10:58:38.576" level="INFO">${token_auth} = Bearer eyJhbGciOiJIUzI1NiIsInR5cCI6IkpXVCJ9.eyJlbWFpbCI6ImZ1bGFub0BxYS5jb20iLCJwYXNzd29yZCI6InRlc3RlIiwiaWF0IjoxNjU3NjM0MzE4LCJleHAiOjE2NTc2MzQ5MTh9.cPFOvgFavWpwVLyArxHmMjhp42kB7ZS_zy7syxl1LUw</msg>
<status status="PASS" starttime="20220712 10:58:38.575" endtime="20220712 10:58:38.576"/>
</kw>
<kw name="Log To Console" library="BuiltIn">
<arg>Token Salvo:</arg>
<arg>${token_auth}</arg>
<doc>Logs the given message to the console.</doc>
<status status="PASS" starttime="20220712 10:58:38.576" endtime="20220712 10:58:38.578"/>
</kw>
<kw name="Set Global Variable" library="BuiltIn">
<arg>${token_auth}</arg>
<doc>Makes a variable available globally in all tests and suites.</doc>
<msg timestamp="20220712 10:58:38.578" level="INFO">${token_auth} = Bearer eyJhbGciOiJIUzI1NiIsInR5cCI6IkpXVCJ9.eyJlbWFpbCI6ImZ1bGFub0BxYS5jb20iLCJwYXNzd29yZCI6InRlc3RlIiwiaWF0IjoxNjU3NjM0MzE4LCJleHAiOjE2NTc2MzQ5MTh9.cPFOvgFavWpwVLyArxHmMjhp42kB7ZS_zy7syxl1LUw</msg>
<status status="PASS" starttime="20220712 10:58:38.578" endtime="20220712 10:58:38.578"/>
</kw>
<status status="PASS" starttime="20220712 10:58:38.568" endtime="20220712 10:58:38.578"/>
</kw>
<kw name="Cadastrar Produto Dinamico Valido" library="produtos_keywords">
<kw name="Criar Dados Dinamicos Produto Valido" library="dynamics">
<var>${payload}</var>
<kw name="Text" library="FakerLibrary">
<var>${nome_produto}</var>
<arg>max_nb_chars=5</arg>
<doc>Generate a text string.</doc>
<msg timestamp="20220712 10:58:38.580" level="INFO">${nome_produto} = Lot.</msg>
<status status="PASS" starttime="20220712 10:58:38.580" endtime="20220712 10:58:38.580"/>
</kw>
<kw name="Random Number" library="FakerLibrary">
<var>${preco_produto}</var>
<arg>digits= 4</arg>
<doc>Generate a random integer according to the following rules:</doc>
<msg timestamp="20220712 10:58:38.581" level="INFO">${preco_produto} = 3905</msg>
<status status="PASS" starttime="20220712 10:58:38.580" endtime="20220712 10:58:38.581"/>
</kw>
<kw name="Text" library="FakerLibrary">
<var>${descricao_produto}</var>
<arg>max_nb_chars=6</arg>
<doc>Generate a text string.</doc>
<msg timestamp="20220712 10:58:38.581" level="INFO">${descricao_produto} = Floor.</msg>
<status status="PASS" starttime="20220712 10:58:38.581" endtime="20220712 10:58:38.581"/>
</kw>
<kw name="Random Number" library="FakerLibrary">
<var>${quantidade_produto}</var>
<arg>digits= 3</arg>
<doc>Generate a random integer according to the following rules:</doc>
<msg timestamp="20220712 10:58:38.582" level="INFO">${quantidade_produto} = 382</msg>
<status status="PASS" starttime="20220712 10:58:38.581" endtime="20220712 10:58:38.582"/>
</kw>
<kw name="Create Dictionary" library="BuiltIn">
<var>${payload}</var>
<arg>nome=${nome_produto}</arg>
<arg>preco=${preco_produto}</arg>
<arg>descricao=${descricao_produto}</arg>
<arg>quantidade=${quantidade_produto}</arg>
<doc>Creates and returns a dictionary based on the given ``items``.</doc>
<msg timestamp="20220712 10:58:38.583" level="INFO">${payload} = {'nome': 'Lot.', 'preco': 3905, 'descricao': 'Floor.', 'quantidade': 382}</msg>
<status status="PASS" starttime="20220712 10:58:38.582" endtime="20220712 10:58:38.584"/>
</kw>
<kw name="Log To Console" library="BuiltIn">
<arg>${payload}</arg>
<doc>Logs the given message to the console.</doc>
<status status="PASS" starttime="20220712 10:58:38.584" endtime="20220712 10:58:38.585"/>
</kw>
<msg timestamp="20220712 10:58:38.585" level="INFO">${payload} = {'nome': 'Lot.', 'preco': 3905, 'descricao': 'Floor.', 'quantidade': 382}</msg>
<status status="PASS" starttime="20220712 10:58:38.579" endtime="20220712 10:58:38.585"/>
</kw>
<kw name="Set Global Variable" library="BuiltIn">
<arg>${payload}</arg>
<doc>Makes a variable available globally in all tests and suites.</doc>
<msg timestamp="20220712 10:58:38.586" level="INFO">${payload} = {'nome': 'Lot.', 'preco': 3905, 'descricao': 'Floor.', 'quantidade': 382}</msg>
<status status="PASS" starttime="20220712 10:58:38.585" endtime="20220712 10:58:38.586"/>
</kw>
<status status="PASS" starttime="20220712 10:58:38.579" endtime="20220712 10:58:38.586"/>
</kw>
<kw name="POST Endpoint /produtos" library="produtos_keywords">
<arg>${inv_token_auth}</arg>
<kw name="Create Dictionary" library="BuiltIn">
<var>&amp;{header}</var>
<arg>Authorization=${token_auth}</arg>
<doc>Creates and returns a dictionary based on the given ``items``.</doc>
<msg timestamp="20220712 10:58:38.587" level="INFO">&amp;{header} = { Authorization=Inv4l1dT0k3n }</msg>
<status status="PASS" starttime="20220712 10:58:38.587" endtime="20220712 10:58:38.588"/>
</kw>
<kw name="POST On Session" library="RequestsLibrary">
<var>${response}</var>
<arg>serverest</arg>
<arg>/produtos</arg>
<arg>json=${payload}</arg>
<arg>headers=${header}</arg>
<arg>expected_status=any</arg>
<doc>Sends a POST request on a previously created HTTP Session.</doc>
<msg timestamp="20220712 10:58:38.591" level="INFO">POST Request : url=http://localhost:3000/produtos 
 path_url=/produtos 
 headers={'User-Agent': 'python-requests/2.28.0', 'Accept-Encoding': 'gzip, deflate', 'Accept': '*/*', 'Connection': 'keep-alive', 'Authorization': 'Inv4l1dT0k3n', 'Content-Length': '73', 'Content-Type': 'application/json'} 
 body=b'{"nome": "Lot.", "preco": 3905, "descricao": "Floor.", "quantidade": 382}' 
 </msg>
<msg timestamp="20220712 10:58:38.592" level="INFO">POST Response : url=http://localhost:3000/produtos 
 status=401, reason=Unauthorized 
 headers={'Access-Control-Allow-Origin': '*', 'x-dns-prefetch-control': 'off', 'x-frame-options': 'SAMEORIGIN', 'strict-transport-security': 'max-age=15552000; includeSubDomains', 'x-download-options': 'noopen', 'x-content-type-options': 'nosniff', 'x-xss-protection': '1; mode=block', 'x-moesif-transaction-id': 'b7d47fe6-4276-47e5-8088-7439075beb14', 'Content-Type': 'application/json; charset=utf-8', 'Content-Length': '103', 'Date': 'Tue, 12 Jul 2022 13:58:38 GMT', 'Connection': 'keep-alive', 'Keep-Alive': 'timeout=5'} 
 body={
    "message": "Token de acesso ausente, inválido, expirado ou usuário do token não existe mais"
} 
 </msg>
<msg timestamp="20220712 10:58:38.592" level="INFO">${response} = &lt;Response [401]&gt;</msg>
<status status="PASS" starttime="20220712 10:58:38.588" endtime="20220712 10:58:38.592"/>
</kw>
<kw name="Log To Console" library="BuiltIn">
<arg>Response: ${response.content}</arg>
<doc>Logs the given message to the console.</doc>
<status status="PASS" starttime="20220712 10:58:38.592" endtime="20220712 10:58:38.594"/>
</kw>
<kw name="Set Global Variable" library="BuiltIn">
<arg>${response}</arg>
<doc>Makes a variable available globally in all tests and suites.</doc>
<msg timestamp="20220712 10:58:38.595" level="INFO">${response} = &lt;Response [401]&gt;</msg>
<status status="PASS" starttime="20220712 10:58:38.595" endtime="20220712 10:58:38.596"/>
</kw>
<status status="PASS" starttime="20220712 10:58:38.586" endtime="20220712 10:58:38.596"/>
</kw>
<kw name="Validar Status Code &quot;401&quot;" library="common" sourcename="Validar Status Code &quot;${statuscode}&quot;">
<kw name="Should Be True" library="BuiltIn">
<arg>${response.status_code} == ${statuscode}</arg>
<doc>Fails if the given condition is not true.</doc>
<status status="PASS" starttime="20220712 10:58:38.597" endtime="20220712 10:58:38.598"/>
</kw>
<status status="PASS" starttime="20220712 10:58:38.596" endtime="20220712 10:58:38.599"/>
</kw>
<tag>POST</tag>
<tag>POSTAUSENTE</tag>
<status status="PASS" starttime="20220712 10:58:38.556" endtime="20220712 10:58:38.599"/>
</test>
<test id="s1-t7" name="Cenario: POST Cadastrar Produto Nao Admin 403" line="50">
<kw name="POST Endpoint /login" library="login_keywords">
<arg>${email_nao_admin}</arg>
<arg>${password_nao_admin}</arg>
<kw name="Create Dictionary" library="BuiltIn">
<var>&amp;{payload}</var>
<arg>email=${email_para_login}</arg>
<arg>password=${password_para_login}</arg>
<doc>Creates and returns a dictionary based on the given ``items``.</doc>
<msg timestamp="20220712 10:58:38.603" level="INFO">&amp;{payload} = { email=steve.rogers@gmail.com | password=test123 }</msg>
<status status="PASS" starttime="20220712 10:58:38.602" endtime="20220712 10:58:38.603"/>
</kw>
<kw name="POST On Session" library="RequestsLibrary">
<var>${login_response}</var>
<arg>serverest</arg>
<arg>/login</arg>
<arg>data=&amp;{payload}</arg>
<arg>expected_status=any</arg>
<doc>Sends a POST request on a previously created HTTP Session.</doc>
<msg timestamp="20220712 10:58:38.608" level="INFO">POST Request : url=http://localhost:3000/login 
 path_url=/login 
 headers={'User-Agent': 'python-requests/2.28.0', 'Accept-Encoding': 'gzip, deflate', 'Accept': '*/*', 'Connection': 'keep-alive', 'Content-Length': '47', 'Content-Type': 'application/x-www-form-urlencoded'} 
 body=email=steve.rogers%40gmail.com&amp;password=test123 
 </msg>
<msg timestamp="20220712 10:58:38.608" level="INFO">POST Response : url=http://localhost:3000/login 
 status=200, reason=OK 
 headers={'Access-Control-Allow-Origin': '*', 'x-dns-prefetch-control': 'off', 'x-frame-options': 'SAMEORIGIN', 'strict-transport-security': 'max-age=15552000; includeSubDomains', 'x-download-options': 'noopen', 'x-content-type-options': 'nosniff', 'x-xss-protection': '1; mode=block', 'x-moesif-transaction-id': '6b874152-f1f1-41fb-9648-dfaea82eb7df', 'Content-Type': 'application/json; charset=utf-8', 'Content-Length': '280', 'Date': 'Tue, 12 Jul 2022 13:58:38 GMT', 'Connection': 'keep-alive', 'Keep-Alive': 'timeout=5'} 
 body={
    "message": "Login realizado com sucesso",
    "authorization": "Bearer eyJhbGciOiJIUzI1NiIsInR5cCI6IkpXVCJ9.eyJlbWFpbCI6InN0ZXZlLnJvZ2Vyc0BnbWFpbC5jb20iLCJwYXNzd29yZCI6InRlc3QxMjMiLCJpYXQiOjE2NTc2MzQzMTgsImV4cCI6MTY1NzYzNDkxOH0.L1kjtXk4RhkyKyVxFq3OhKXrG4wkFIX1e7iQxO59rOI"
} 
 </msg>
<msg timestamp="20220712 10:58:38.609" level="INFO">${login_response} = &lt;Response [200]&gt;</msg>
<status status="PASS" starttime="20220712 10:58:38.603" endtime="20220712 10:58:38.609"/>
</kw>
<kw name="Log To Console" library="BuiltIn">
<arg>Response: ${login_response.content}</arg>
<doc>Logs the given message to the console.</doc>
<status status="PASS" starttime="20220712 10:58:38.609" endtime="20220712 10:58:38.611"/>
</kw>
<kw name="Set Global Variable" library="BuiltIn">
<arg>${login_response}</arg>
<doc>Makes a variable available globally in all tests and suites.</doc>
<msg timestamp="20220712 10:58:38.612" level="INFO">${login_response} = &lt;Response [200]&gt;</msg>
<status status="PASS" starttime="20220712 10:58:38.611" endtime="20220712 10:58:38.612"/>
</kw>
<status status="PASS" starttime="20220712 10:58:38.601" endtime="20220712 10:58:38.612"/>
</kw>
<kw name="Fazer login e Armazenar Token" library="login_keywords">
<kw name="Validar Ter Logado" library="login_keywords">
<kw name="Should Be Equal" library="BuiltIn">
<arg>${login_response.json()["message"]}</arg>
<arg>Login realizado com sucesso</arg>
<doc>Fails if the given objects are unequal.</doc>
<status status="PASS" starttime="20220712 10:58:38.613" endtime="20220712 10:58:38.614"/>
</kw>
<kw name="Should Not Be Empty" library="BuiltIn">
<arg>${login_response.json()["authorization"]}</arg>
<doc>Verifies that the given item is not empty.</doc>
<msg timestamp="20220712 10:58:38.615" level="INFO">Length is 207</msg>
<status status="PASS" starttime="20220712 10:58:38.614" endtime="20220712 10:58:38.615"/>
</kw>
<status status="PASS" starttime="20220712 10:58:38.613" endtime="20220712 10:58:38.615"/>
</kw>
<kw name="Set Variable" library="BuiltIn">
<var>${token_auth}</var>
<arg>${login_response.json()["authorization"]}</arg>
<doc>Returns the given values which can then be assigned to a variables.</doc>
<msg timestamp="20220712 10:58:38.615" level="INFO">${token_auth} = Bearer eyJhbGciOiJIUzI1NiIsInR5cCI6IkpXVCJ9.eyJlbWFpbCI6InN0ZXZlLnJvZ2Vyc0BnbWFpbC5jb20iLCJwYXNzd29yZCI6InRlc3QxMjMiLCJpYXQiOjE2NTc2MzQzMTgsImV4cCI6MTY1NzYzNDkxOH0.L1kjtXk4RhkyKyVxFq3OhKXrG4wkFIX1e7iQ...</msg>
<status status="PASS" starttime="20220712 10:58:38.615" endtime="20220712 10:58:38.615"/>
</kw>
<kw name="Log To Console" library="BuiltIn">
<arg>Token Salvo:</arg>
<arg>${token_auth}</arg>
<doc>Logs the given message to the console.</doc>
<status status="PASS" starttime="20220712 10:58:38.615" endtime="20220712 10:58:38.616"/>
</kw>
<kw name="Set Global Variable" library="BuiltIn">
<arg>${token_auth}</arg>
<doc>Makes a variable available globally in all tests and suites.</doc>
<msg timestamp="20220712 10:58:38.616" level="INFO">${token_auth} = Bearer eyJhbGciOiJIUzI1NiIsInR5cCI6IkpXVCJ9.eyJlbWFpbCI6InN0ZXZlLnJvZ2Vyc0BnbWFpbC5jb20iLCJwYXNzd29yZCI6InRlc3QxMjMiLCJpYXQiOjE2NTc2MzQzMTgsImV4cCI6MTY1NzYzNDkxOH0.L1kjtXk4RhkyKyVxFq3OhKXrG4wkFIX1e7iQ...</msg>
<status status="PASS" starttime="20220712 10:58:38.616" endtime="20220712 10:58:38.616"/>
</kw>
<status status="PASS" starttime="20220712 10:58:38.613" endtime="20220712 10:58:38.616"/>
</kw>
<kw name="Cadastrar Produto Dinamico Valido" library="produtos_keywords">
<kw name="Criar Dados Dinamicos Produto Valido" library="dynamics">
<var>${payload}</var>
<kw name="Text" library="FakerLibrary">
<var>${nome_produto}</var>
<arg>max_nb_chars=5</arg>
<doc>Generate a text string.</doc>
<msg timestamp="20220712 10:58:38.617" level="INFO">${nome_produto} = Such.</msg>
<status status="PASS" starttime="20220712 10:58:38.617" endtime="20220712 10:58:38.617"/>
</kw>
<kw name="Random Number" library="FakerLibrary">
<var>${preco_produto}</var>
<arg>digits= 4</arg>
<doc>Generate a random integer according to the following rules:</doc>
<msg timestamp="20220712 10:58:38.618" level="INFO">${preco_produto} = 6740</msg>
<status status="PASS" starttime="20220712 10:58:38.617" endtime="20220712 10:58:38.618"/>
</kw>
<kw name="Text" library="FakerLibrary">
<var>${descricao_produto}</var>
<arg>max_nb_chars=6</arg>
<doc>Generate a text string.</doc>
<msg timestamp="20220712 10:58:38.619" level="INFO">${descricao_produto} = Site.</msg>
<status status="PASS" starttime="20220712 10:58:38.618" endtime="20220712 10:58:38.619"/>
</kw>
<kw name="Random Number" library="FakerLibrary">
<var>${quantidade_produto}</var>
<arg>digits= 3</arg>
<doc>Generate a random integer according to the following rules:</doc>
<msg timestamp="20220712 10:58:38.619" level="INFO">${quantidade_produto} = 694</msg>
<status status="PASS" starttime="20220712 10:58:38.619" endtime="20220712 10:58:38.619"/>
</kw>
<kw name="Create Dictionary" library="BuiltIn">
<var>${payload}</var>
<arg>nome=${nome_produto}</arg>
<arg>preco=${preco_produto}</arg>
<arg>descricao=${descricao_produto}</arg>
<arg>quantidade=${quantidade_produto}</arg>
<doc>Creates and returns a dictionary based on the given ``items``.</doc>
<msg timestamp="20220712 10:58:38.621" level="INFO">${payload} = {'nome': 'Such.', 'preco': 6740, 'descricao': 'Site.', 'quantidade': 694}</msg>
<status status="PASS" starttime="20220712 10:58:38.620" endtime="20220712 10:58:38.621"/>
</kw>
<kw name="Log To Console" library="BuiltIn">
<arg>${payload}</arg>
<doc>Logs the given message to the console.</doc>
<status status="PASS" starttime="20220712 10:58:38.622" endtime="20220712 10:58:38.626"/>
</kw>
<msg timestamp="20220712 10:58:38.627" level="INFO">${payload} = {'nome': 'Such.', 'preco': 6740, 'descricao': 'Site.', 'quantidade': 694}</msg>
<status status="PASS" starttime="20220712 10:58:38.617" endtime="20220712 10:58:38.627"/>
</kw>
<kw name="Set Global Variable" library="BuiltIn">
<arg>${payload}</arg>
<doc>Makes a variable available globally in all tests and suites.</doc>
<msg timestamp="20220712 10:58:38.628" level="INFO">${payload} = {'nome': 'Such.', 'preco': 6740, 'descricao': 'Site.', 'quantidade': 694}</msg>
<status status="PASS" starttime="20220712 10:58:38.627" endtime="20220712 10:58:38.628"/>
</kw>
<status status="PASS" starttime="20220712 10:58:38.617" endtime="20220712 10:58:38.628"/>
</kw>
<kw name="POST Endpoint /produtos" library="produtos_keywords">
<kw name="Create Dictionary" library="BuiltIn">
<var>&amp;{header}</var>
<arg>Authorization=${token_auth}</arg>
<doc>Creates and returns a dictionary based on the given ``items``.</doc>
<msg timestamp="20220712 10:58:38.650" level="INFO">&amp;{header} = { Authorization=Bearer eyJhbGciOiJIUzI1NiIsInR5cCI6IkpXVCJ9.eyJlbWFpbCI6InN0ZXZlLnJvZ2Vyc0BnbWFpbC5jb20iLCJwYXNzd29yZCI6InRlc3QxMjMiLCJpYXQiOjE2NTc2MzQzMTgsImV4cCI6MTY1NzYzNDkxOH0.L1kjtXk4RhkyKyVxFq3O...</msg>
<status status="PASS" starttime="20220712 10:58:38.650" endtime="20220712 10:58:38.650"/>
</kw>
<kw name="POST On Session" library="RequestsLibrary">
<var>${response}</var>
<arg>serverest</arg>
<arg>/produtos</arg>
<arg>json=${payload}</arg>
<arg>headers=${header}</arg>
<arg>expected_status=any</arg>
<doc>Sends a POST request on a previously created HTTP Session.</doc>
<msg timestamp="20220712 10:58:38.656" level="INFO">POST Request : url=http://localhost:3000/produtos 
 path_url=/produtos 
 headers={'User-Agent': 'python-requests/2.28.0', 'Accept-Encoding': 'gzip, deflate', 'Accept': '*/*', 'Connection': 'keep-alive', 'Authorization': 'Bearer eyJhbGciOiJIUzI1NiIsInR5cCI6IkpXVCJ9.eyJlbWFpbCI6InN0ZXZlLnJvZ2Vyc0BnbWFpbC5jb20iLCJwYXNzd29yZCI6InRlc3QxMjMiLCJpYXQiOjE2NTc2MzQzMTgsImV4cCI6MTY1NzYzNDkxOH0.L1kjtXk4RhkyKyVxFq3OhKXrG4wkFIX1e7iQxO59rOI', 'Content-Length': '73', 'Content-Type': 'application/json'} 
 body=b'{"nome": "Such.", "preco": 6740, "descricao": "Site.", "quantidade": 694}' 
 </msg>
<msg timestamp="20220712 10:58:38.656" level="INFO">POST Response : url=http://localhost:3000/produtos 
 status=403, reason=Forbidden 
 headers={'Access-Control-Allow-Origin': '*', 'x-dns-prefetch-control': 'off', 'x-frame-options': 'SAMEORIGIN', 'strict-transport-security': 'max-age=15552000; includeSubDomains', 'x-download-options': 'noopen', 'x-content-type-options': 'nosniff', 'x-xss-protection': '1; mode=block', 'x-moesif-transaction-id': '634f9fe6-e0c0-4fa4-85ba-740c4460a59e', 'Content-Type': 'application/json; charset=utf-8', 'Content-Length': '56', 'Date': 'Tue, 12 Jul 2022 13:58:38 GMT', 'Connection': 'keep-alive', 'Keep-Alive': 'timeout=5'} 
 body={
    "message": "Rota exclusiva para administradores"
} 
 </msg>
<msg timestamp="20220712 10:58:38.656" level="INFO">${response} = &lt;Response [403]&gt;</msg>
<status status="PASS" starttime="20220712 10:58:38.651" endtime="20220712 10:58:38.656"/>
</kw>
<kw name="Log To Console" library="BuiltIn">
<arg>Response: ${response.content}</arg>
<doc>Logs the given message to the console.</doc>
<status status="PASS" starttime="20220712 10:58:38.656" endtime="20220712 10:58:38.658"/>
</kw>
<kw name="Set Global Variable" library="BuiltIn">
<arg>${response}</arg>
<doc>Makes a variable available globally in all tests and suites.</doc>
<msg timestamp="20220712 10:58:38.658" level="INFO">${response} = &lt;Response [403]&gt;</msg>
<status status="PASS" starttime="20220712 10:58:38.658" endtime="20220712 10:58:38.658"/>
</kw>
<status status="PASS" starttime="20220712 10:58:38.648" endtime="20220712 10:58:38.659"/>
</kw>
<kw name="Validar Status Code &quot;403&quot;" library="common" sourcename="Validar Status Code &quot;${statuscode}&quot;">
<kw name="Should Be True" library="BuiltIn">
<arg>${response.status_code} == ${statuscode}</arg>
<doc>Fails if the given condition is not true.</doc>
<status status="PASS" starttime="20220712 10:58:38.659" endtime="20220712 10:58:38.661"/>
</kw>
<status status="PASS" starttime="20220712 10:58:38.659" endtime="20220712 10:58:38.661"/>
</kw>
<tag>POST</tag>
<tag>POSTPRODUTONADMIN</tag>
<status status="PASS" starttime="20220712 10:58:38.601" endtime="20220712 10:58:38.662"/>
</test>
<test id="s1-t8" name="Cenario: DELETE Excluir Produto ID 200" line="58">
<kw name="POST Endpoint /login" library="login_keywords">
<arg>${email_para_login}</arg>
<arg>${password_para_login}</arg>
<kw name="Create Dictionary" library="BuiltIn">
<var>&amp;{payload}</var>
<arg>email=${email_para_login}</arg>
<arg>password=${password_para_login}</arg>
<doc>Creates and returns a dictionary based on the given ``items``.</doc>
<msg timestamp="20220712 10:58:38.664" level="INFO">&amp;{payload} = { email=fulano@qa.com | password=teste }</msg>
<status status="PASS" starttime="20220712 10:58:38.663" endtime="20220712 10:58:38.664"/>
</kw>
<kw name="POST On Session" library="RequestsLibrary">
<var>${login_response}</var>
<arg>serverest</arg>
<arg>/login</arg>
<arg>data=&amp;{payload}</arg>
<arg>expected_status=any</arg>
<doc>Sends a POST request on a previously created HTTP Session.</doc>
<msg timestamp="20220712 10:58:38.667" level="INFO">POST Request : url=http://localhost:3000/login 
 path_url=/login 
 headers={'User-Agent': 'python-requests/2.28.0', 'Accept-Encoding': 'gzip, deflate', 'Accept': '*/*', 'Connection': 'keep-alive', 'Content-Length': '36', 'Content-Type': 'application/x-www-form-urlencoded'} 
 body=email=fulano%40qa.com&amp;password=teste 
 </msg>
<msg timestamp="20220712 10:58:38.667" level="INFO">POST Response : url=http://localhost:3000/login 
 status=200, reason=OK 
 headers={'Access-Control-Allow-Origin': '*', 'x-dns-prefetch-control': 'off', 'x-frame-options': 'SAMEORIGIN', 'strict-transport-security': 'max-age=15552000; includeSubDomains', 'x-download-options': 'noopen', 'x-content-type-options': 'nosniff', 'x-xss-protection': '1; mode=block', 'x-moesif-transaction-id': 'b3af9516-ece4-45e2-b683-ddbbe983fbb0', 'Content-Type': 'application/json; charset=utf-8', 'Content-Length': '265', 'Date': 'Tue, 12 Jul 2022 13:58:38 GMT', 'Connection': 'keep-alive', 'Keep-Alive': 'timeout=5'} 
 body={
    "message": "Login realizado com sucesso",
    "authorization": "Bearer eyJhbGciOiJIUzI1NiIsInR5cCI6IkpXVCJ9.eyJlbWFpbCI6ImZ1bGFub0BxYS5jb20iLCJwYXNzd29yZCI6InRlc3RlIiwiaWF0IjoxNjU3NjM0MzE4LCJleHAiOjE2NTc2MzQ5MTh9.cPFOvgFavWpwVLyArxHmMjhp42kB7ZS_zy7syxl1LUw"
} 
 </msg>
<msg timestamp="20220712 10:58:38.667" level="INFO">${login_response} = &lt;Response [200]&gt;</msg>
<status status="PASS" starttime="20220712 10:58:38.664" endtime="20220712 10:58:38.667"/>
</kw>
<kw name="Log To Console" library="BuiltIn">
<arg>Response: ${login_response.content}</arg>
<doc>Logs the given message to the console.</doc>
<status status="PASS" starttime="20220712 10:58:38.667" endtime="20220712 10:58:38.668"/>
</kw>
<kw name="Set Global Variable" library="BuiltIn">
<arg>${login_response}</arg>
<doc>Makes a variable available globally in all tests and suites.</doc>
<msg timestamp="20220712 10:58:38.669" level="INFO">${login_response} = &lt;Response [200]&gt;</msg>
<status status="PASS" starttime="20220712 10:58:38.669" endtime="20220712 10:58:38.669"/>
</kw>
<status status="PASS" starttime="20220712 10:58:38.663" endtime="20220712 10:58:38.669"/>
</kw>
<kw name="Fazer login e Armazenar Token" library="login_keywords">
<kw name="Validar Ter Logado" library="login_keywords">
<kw name="Should Be Equal" library="BuiltIn">
<arg>${login_response.json()["message"]}</arg>
<arg>Login realizado com sucesso</arg>
<doc>Fails if the given objects are unequal.</doc>
<status status="PASS" starttime="20220712 10:58:38.671" endtime="20220712 10:58:38.671"/>
</kw>
<kw name="Should Not Be Empty" library="BuiltIn">
<arg>${login_response.json()["authorization"]}</arg>
<doc>Verifies that the given item is not empty.</doc>
<msg timestamp="20220712 10:58:38.672" level="INFO">Length is 192</msg>
<status status="PASS" starttime="20220712 10:58:38.671" endtime="20220712 10:58:38.672"/>
</kw>
<status status="PASS" starttime="20220712 10:58:38.670" endtime="20220712 10:58:38.672"/>
</kw>
<kw name="Set Variable" library="BuiltIn">
<var>${token_auth}</var>
<arg>${login_response.json()["authorization"]}</arg>
<doc>Returns the given values which can then be assigned to a variables.</doc>
<msg timestamp="20220712 10:58:38.673" level="INFO">${token_auth} = Bearer eyJhbGciOiJIUzI1NiIsInR5cCI6IkpXVCJ9.eyJlbWFpbCI6ImZ1bGFub0BxYS5jb20iLCJwYXNzd29yZCI6InRlc3RlIiwiaWF0IjoxNjU3NjM0MzE4LCJleHAiOjE2NTc2MzQ5MTh9.cPFOvgFavWpwVLyArxHmMjhp42kB7ZS_zy7syxl1LUw</msg>
<status status="PASS" starttime="20220712 10:58:38.672" endtime="20220712 10:58:38.673"/>
</kw>
<kw name="Log To Console" library="BuiltIn">
<arg>Token Salvo:</arg>
<arg>${token_auth}</arg>
<doc>Logs the given message to the console.</doc>
<status status="PASS" starttime="20220712 10:58:38.673" endtime="20220712 10:58:38.673"/>
</kw>
<kw name="Set Global Variable" library="BuiltIn">
<arg>${token_auth}</arg>
<doc>Makes a variable available globally in all tests and suites.</doc>
<msg timestamp="20220712 10:58:38.674" level="INFO">${token_auth} = Bearer eyJhbGciOiJIUzI1NiIsInR5cCI6IkpXVCJ9.eyJlbWFpbCI6ImZ1bGFub0BxYS5jb20iLCJwYXNzd29yZCI6InRlc3RlIiwiaWF0IjoxNjU3NjM0MzE4LCJleHAiOjE2NTc2MzQ5MTh9.cPFOvgFavWpwVLyArxHmMjhp42kB7ZS_zy7syxl1LUw</msg>
<status status="PASS" starttime="20220712 10:58:38.673" endtime="20220712 10:58:38.674"/>
</kw>
<status status="PASS" starttime="20220712 10:58:38.670" endtime="20220712 10:58:38.674"/>
</kw>
<kw name="Cadastrar Produto Dinamico Valido" library="produtos_keywords">
<kw name="Criar Dados Dinamicos Produto Valido" library="dynamics">
<var>${payload}</var>
<kw name="Text" library="FakerLibrary">
<var>${nome_produto}</var>
<arg>max_nb_chars=5</arg>
<doc>Generate a text string.</doc>
<msg timestamp="20220712 10:58:38.675" level="INFO">${nome_produto} = Best.</msg>
<status status="PASS" starttime="20220712 10:58:38.674" endtime="20220712 10:58:38.675"/>
</kw>
<kw name="Random Number" library="FakerLibrary">
<var>${preco_produto}</var>
<arg>digits= 4</arg>
<doc>Generate a random integer according to the following rules:</doc>
<msg timestamp="20220712 10:58:38.675" level="INFO">${preco_produto} = 4002</msg>
<status status="PASS" starttime="20220712 10:58:38.675" endtime="20220712 10:58:38.675"/>
</kw>
<kw name="Text" library="FakerLibrary">
<var>${descricao_produto}</var>
<arg>max_nb_chars=6</arg>
<doc>Generate a text string.</doc>
<msg timestamp="20220712 10:58:38.675" level="INFO">${descricao_produto} = Movie.</msg>
<status status="PASS" starttime="20220712 10:58:38.675" endtime="20220712 10:58:38.675"/>
</kw>
<kw name="Random Number" library="FakerLibrary">
<var>${quantidade_produto}</var>
<arg>digits= 3</arg>
<doc>Generate a random integer according to the following rules:</doc>
<msg timestamp="20220712 10:58:38.676" level="INFO">${quantidade_produto} = 876</msg>
<status status="PASS" starttime="20220712 10:58:38.675" endtime="20220712 10:58:38.676"/>
</kw>
<kw name="Create Dictionary" library="BuiltIn">
<var>${payload}</var>
<arg>nome=${nome_produto}</arg>
<arg>preco=${preco_produto}</arg>
<arg>descricao=${descricao_produto}</arg>
<arg>quantidade=${quantidade_produto}</arg>
<doc>Creates and returns a dictionary based on the given ``items``.</doc>
<msg timestamp="20220712 10:58:38.676" level="INFO">${payload} = {'nome': 'Best.', 'preco': 4002, 'descricao': 'Movie.', 'quantidade': 876}</msg>
<status status="PASS" starttime="20220712 10:58:38.676" endtime="20220712 10:58:38.676"/>
</kw>
<kw name="Log To Console" library="BuiltIn">
<arg>${payload}</arg>
<doc>Logs the given message to the console.</doc>
<status status="PASS" starttime="20220712 10:58:38.676" endtime="20220712 10:58:38.677"/>
</kw>
<msg timestamp="20220712 10:58:38.677" level="INFO">${payload} = {'nome': 'Best.', 'preco': 4002, 'descricao': 'Movie.', 'quantidade': 876}</msg>
<status status="PASS" starttime="20220712 10:58:38.674" endtime="20220712 10:58:38.677"/>
</kw>
<kw name="Set Global Variable" library="BuiltIn">
<arg>${payload}</arg>
<doc>Makes a variable available globally in all tests and suites.</doc>
<msg timestamp="20220712 10:58:38.677" level="INFO">${payload} = {'nome': 'Best.', 'preco': 4002, 'descricao': 'Movie.', 'quantidade': 876}</msg>
<status status="PASS" starttime="20220712 10:58:38.677" endtime="20220712 10:58:38.677"/>
</kw>
<status status="PASS" starttime="20220712 10:58:38.674" endtime="20220712 10:58:38.677"/>
</kw>
<kw name="POST Endpoint /produtos" library="produtos_keywords">
<kw name="Create Dictionary" library="BuiltIn">
<var>&amp;{header}</var>
<arg>Authorization=${token_auth}</arg>
<doc>Creates and returns a dictionary based on the given ``items``.</doc>
<msg timestamp="20220712 10:58:38.679" level="INFO">&amp;{header} = { Authorization=Bearer eyJhbGciOiJIUzI1NiIsInR5cCI6IkpXVCJ9.eyJlbWFpbCI6ImZ1bGFub0BxYS5jb20iLCJwYXNzd29yZCI6InRlc3RlIiwiaWF0IjoxNjU3NjM0MzE4LCJleHAiOjE2NTc2MzQ5MTh9.cPFOvgFavWpwVLyArxHmMjhp42kB7ZS_zy7...</msg>
<status status="PASS" starttime="20220712 10:58:38.678" endtime="20220712 10:58:38.679"/>
</kw>
<kw name="POST On Session" library="RequestsLibrary">
<var>${response}</var>
<arg>serverest</arg>
<arg>/produtos</arg>
<arg>json=${payload}</arg>
<arg>headers=${header}</arg>
<arg>expected_status=any</arg>
<doc>Sends a POST request on a previously created HTTP Session.</doc>
<msg timestamp="20220712 10:58:38.686" level="INFO">POST Request : url=http://localhost:3000/produtos 
 path_url=/produtos 
 headers={'User-Agent': 'python-requests/2.28.0', 'Accept-Encoding': 'gzip, deflate', 'Accept': '*/*', 'Connection': 'keep-alive', 'Authorization': 'Bearer eyJhbGciOiJIUzI1NiIsInR5cCI6IkpXVCJ9.eyJlbWFpbCI6ImZ1bGFub0BxYS5jb20iLCJwYXNzd29yZCI6InRlc3RlIiwiaWF0IjoxNjU3NjM0MzE4LCJleHAiOjE2NTc2MzQ5MTh9.cPFOvgFavWpwVLyArxHmMjhp42kB7ZS_zy7syxl1LUw', 'Content-Length': '74', 'Content-Type': 'application/json'} 
 body=b'{"nome": "Best.", "preco": 4002, "descricao": "Movie.", "quantidade": 876}' 
 </msg>
<msg timestamp="20220712 10:58:38.686" level="INFO">POST Response : url=http://localhost:3000/produtos 
 status=201, reason=Created 
 headers={'Access-Control-Allow-Origin': '*', 'x-dns-prefetch-control': 'off', 'x-frame-options': 'SAMEORIGIN', 'strict-transport-security': 'max-age=15552000; includeSubDomains', 'x-download-options': 'noopen', 'x-content-type-options': 'nosniff', 'x-xss-protection': '1; mode=block', 'x-moesif-transaction-id': 'e0f79351-1aa4-484c-9ee9-a130b6e5bef9', 'Content-Type': 'application/json; charset=utf-8', 'Content-Length': '82', 'Date': 'Tue, 12 Jul 2022 13:58:38 GMT', 'Connection': 'keep-alive', 'Keep-Alive': 'timeout=5'} 
 body={
    "message": "Cadastro realizado com sucesso",
    "_id": "GRoOi2tRfsFnSVD3"
} 
 </msg>
<msg timestamp="20220712 10:58:38.686" level="INFO">${response} = &lt;Response [201]&gt;</msg>
<status status="PASS" starttime="20220712 10:58:38.679" endtime="20220712 10:58:38.686"/>
</kw>
<kw name="Log To Console" library="BuiltIn">
<arg>Response: ${response.content}</arg>
<doc>Logs the given message to the console.</doc>
<status status="PASS" starttime="20220712 10:58:38.687" endtime="20220712 10:58:38.688"/>
</kw>
<kw name="Set Global Variable" library="BuiltIn">
<arg>${response}</arg>
<doc>Makes a variable available globally in all tests and suites.</doc>
<msg timestamp="20220712 10:58:38.689" level="INFO">${response} = &lt;Response [201]&gt;</msg>
<status status="PASS" starttime="20220712 10:58:38.688" endtime="20220712 10:58:38.689"/>
</kw>
<status status="PASS" starttime="20220712 10:58:38.678" endtime="20220712 10:58:38.689"/>
</kw>
<kw name="DELETE Endpoint /produtos" library="produtos_keywords">
<kw name="Create Dictionary" library="BuiltIn">
<var>&amp;{header}</var>
<arg>Authorization=${token_auth}</arg>
<doc>Creates and returns a dictionary based on the given ``items``.</doc>
<msg timestamp="20220712 10:58:38.693" level="INFO">&amp;{header} = { Authorization=Bearer eyJhbGciOiJIUzI1NiIsInR5cCI6IkpXVCJ9.eyJlbWFpbCI6ImZ1bGFub0BxYS5jb20iLCJwYXNzd29yZCI6InRlc3RlIiwiaWF0IjoxNjU3NjM0MzE4LCJleHAiOjE2NTc2MzQ5MTh9.cPFOvgFavWpwVLyArxHmMjhp42kB7ZS_zy7...</msg>
<status status="PASS" starttime="20220712 10:58:38.692" endtime="20220712 10:58:38.693"/>
</kw>
<kw name="DELETE On Session" library="RequestsLibrary">
<var>${response}</var>
<arg>serverest</arg>
<arg>/produtos/${id_produto}</arg>
<arg>headers=${header}</arg>
<arg>expected_status=any</arg>
<doc>Sends a DELETE request on a previously created HTTP Session.</doc>
<msg timestamp="20220712 10:58:38.701" level="INFO">DELETE Request : url=http://localhost:3000/produtos/GRoOi2tRfsFnSVD3 
 path_url=/produtos/GRoOi2tRfsFnSVD3 
 headers={'User-Agent': 'python-requests/2.28.0', 'Accept-Encoding': 'gzip, deflate', 'Accept': '*/*', 'Connection': 'keep-alive', 'Authorization': 'Bearer eyJhbGciOiJIUzI1NiIsInR5cCI6IkpXVCJ9.eyJlbWFpbCI6ImZ1bGFub0BxYS5jb20iLCJwYXNzd29yZCI6InRlc3RlIiwiaWF0IjoxNjU3NjM0MzE4LCJleHAiOjE2NTc2MzQ5MTh9.cPFOvgFavWpwVLyArxHmMjhp42kB7ZS_zy7syxl1LUw', 'Content-Length': '0'} 
 body=None 
 </msg>
<msg timestamp="20220712 10:58:38.701" level="INFO">DELETE Response : url=http://localhost:3000/produtos/GRoOi2tRfsFnSVD3 
 status=200, reason=OK 
[...]
 body={
    "message": "Login realizado com sucesso",
    "authorization": "Bearer eyJhbGciOiJIUzI1NiIsInR5cCI6IkpXVCJ9.eyJlbWFpbCI6ImZ1bGFub0BxYS5jb20iLCJwYXNzd29yZCI6InRlc3RlIiwiaWF0IjoxNjU3NjM0MzE4LCJleHAiOjE2NTc2MzQ5MTh9.cPFOvgFavWpwVLyArxHmMjhp42kB7ZS_zy7syxl1LUw"
} 
 </msg>
<msg timestamp="20220712 10:58:38.962" level="INFO">${login_response} = &lt;Response [200]&gt;</msg>
<status status="PASS" starttime="20220712 10:58:38.955" endtime="20220712 10:58:38.962"/>
</kw>
<kw name="Log To Console" library="BuiltIn">
<arg>Response: ${login_response.content}</arg>
<doc>Logs the given message to the console.</doc>
<status status="PASS" starttime="20220712 10:58:38.963" endtime="20220712 10:58:38.965"/>
</kw>
<kw name="Set Global Variable" library="BuiltIn">
<arg>${login_response}</arg>
<doc>Makes a variable available globally in all tests and suites.</doc>
<msg timestamp="20220712 10:58:38.967" level="INFO">${login_response} = &lt;Response [200]&gt;</msg>
<status status="PASS" starttime="20220712 10:58:38.966" endtime="20220712 10:58:38.967"/>
</kw>
<status status="PASS" starttime="20220712 10:58:38.953" endtime="20220712 10:58:38.967"/>
</kw>
<kw name="Fazer login e Armazenar Token" library="login_keywords">
<kw name="Validar Ter Logado" library="login_keywords">
<kw name="Should Be Equal" library="BuiltIn">
<arg>${login_response.json()["message"]}</arg>
<arg>Login realizado com sucesso</arg>
<doc>Fails if the given objects are unequal.</doc>
<status status="PASS" starttime="20220712 10:58:38.969" endtime="20220712 10:58:38.970"/>
</kw>
<kw name="Should Not Be Empty" library="BuiltIn">
<arg>${login_response.json()["authorization"]}</arg>
<doc>Verifies that the given item is not empty.</doc>
<msg timestamp="20220712 10:58:38.971" level="INFO">Length is 192</msg>
<status status="PASS" starttime="20220712 10:58:38.970" endtime="20220712 10:58:38.971"/>
</kw>
<status status="PASS" starttime="20220712 10:58:38.968" endtime="20220712 10:58:38.971"/>
</kw>
<kw name="Set Variable" library="BuiltIn">
<var>${token_auth}</var>
<arg>${login_response.json()["authorization"]}</arg>
<doc>Returns the given values which can then be assigned to a variables.</doc>
<msg timestamp="20220712 10:58:38.972" level="INFO">${token_auth} = Bearer eyJhbGciOiJIUzI1NiIsInR5cCI6IkpXVCJ9.eyJlbWFpbCI6ImZ1bGFub0BxYS5jb20iLCJwYXNzd29yZCI6InRlc3RlIiwiaWF0IjoxNjU3NjM0MzE4LCJleHAiOjE2NTc2MzQ5MTh9.cPFOvgFavWpwVLyArxHmMjhp42kB7ZS_zy7syxl1LUw</msg>
<status status="PASS" starttime="20220712 10:58:38.972" endtime="20220712 10:58:38.972"/>
</kw>
<kw name="Log To Console" library="BuiltIn">
<arg>Token Salvo:</arg>
<arg>${token_auth}</arg>
<doc>Logs the given message to the console.</doc>
<status status="PASS" starttime="20220712 10:58:38.972" endtime="20220712 10:58:38.973"/>
</kw>
<kw name="Set Global Variable" library="BuiltIn">
<arg>${token_auth}</arg>
<doc>Makes a variable available globally in all tests and suites.</doc>
<msg timestamp="20220712 10:58:38.973" level="INFO">${token_auth} = Bearer eyJhbGciOiJIUzI1NiIsInR5cCI6IkpXVCJ9.eyJlbWFpbCI6ImZ1bGFub0BxYS5jb20iLCJwYXNzd29yZCI6InRlc3RlIiwiaWF0IjoxNjU3NjM0MzE4LCJleHAiOjE2NTc2MzQ5MTh9.cPFOvgFavWpwVLyArxHmMjhp42kB7ZS_zy7syxl1LUw</msg>
<status status="PASS" starttime="20220712 10:58:38.973" endtime="20220712 10:58:38.973"/>
</kw>
<status status="PASS" starttime="20220712 10:58:38.968" endtime="20220712 10:58:38.973"/>
</kw>
<kw name="Editar Produto" library="produtos_keywords">
<kw name="Create Dictionary" library="BuiltIn">
<var>${payload}</var>
<arg>nome=SuperTecladoGamer</arg>
<arg>preco=150</arg>
<arg>descricao=Teclado</arg>
<arg>quantidade=550</arg>
<doc>Creates and returns a dictionary based on the given ``items``.</doc>
<msg timestamp="20220712 10:58:38.974" level="INFO">${payload} = {'nome': 'SuperTecladoGamer', 'preco': '150', 'descricao': 'Teclado', 'quantidade': '550'}</msg>
<status status="PASS" starttime="20220712 10:58:38.974" endtime="20220712 10:58:38.974"/>
</kw>
<kw name="Set Global Variable" library="BuiltIn">
<arg>${payload}</arg>
<doc>Makes a variable available globally in all tests and suites.</doc>
<msg timestamp="20220712 10:58:38.975" level="INFO">${payload} = {'nome': 'SuperTecladoGamer', 'preco': '150', 'descricao': 'Teclado', 'quantidade': '550'}</msg>
<status status="PASS" starttime="20220712 10:58:38.974" endtime="20220712 10:58:38.975"/>
</kw>
<status status="PASS" starttime="20220712 10:58:38.974" endtime="20220712 10:58:38.975"/>
</kw>
<kw name="PUT Endpoint /produtos" library="produtos_keywords">
<arg>${id_produto_editavel}</arg>
<arg>${inv_token_auth}</arg>
<kw name="Create Dictionary" library="BuiltIn">
<var>&amp;{header}</var>
<arg>Authorization=${token_auth}</arg>
<doc>Creates and returns a dictionary based on the given ``items``.</doc>
<msg timestamp="20220712 10:58:38.978" level="INFO">&amp;{header} = { Authorization=Inv4l1dT0k3n }</msg>
<status status="PASS" starttime="20220712 10:58:38.976" endtime="20220712 10:58:38.978"/>
</kw>
<kw name="PUT On Session" library="RequestsLibrary">
<var>${response}</var>
<arg>serverest</arg>
<arg>/produtos/${id_produto}</arg>
<arg>json=${payload}</arg>
<arg>headers=${header}</arg>
<arg>expected_status=any</arg>
<doc>Sends a PUT request on a previously created HTTP Session.</doc>
<msg timestamp="20220712 10:58:38.983" level="INFO">PUT Request : url=http://localhost:3000/produtos/538YR5V9UQeiczEk 
 path_url=/produtos/538YR5V9UQeiczEk 
 headers={'User-Agent': 'python-requests/2.28.0', 'Accept-Encoding': 'gzip, deflate', 'Accept': '*/*', 'Connection': 'keep-alive', 'Authorization': 'Inv4l1dT0k3n', 'Content-Length': '90', 'Content-Type': 'application/json'} 
 body=b'{"nome": "SuperTecladoGamer", "preco": "150", "descricao": "Teclado", "quantidade": "550"}' 
 </msg>
<msg timestamp="20220712 10:58:38.983" level="INFO">PUT Response : url=http://localhost:3000/produtos/538YR5V9UQeiczEk 
 status=401, reason=Unauthorized 
 headers={'Access-Control-Allow-Origin': '*', 'x-dns-prefetch-control': 'off', 'x-frame-options': 'SAMEORIGIN', 'strict-transport-security': 'max-age=15552000; includeSubDomains', 'x-download-options': 'noopen', 'x-content-type-options': 'nosniff', 'x-xss-protection': '1; mode=block', 'x-moesif-transaction-id': '4d9b0504-cf85-4787-9132-59109a2db142', 'Content-Type': 'application/json; charset=utf-8', 'Content-Length': '103', 'Date': 'Tue, 12 Jul 2022 13:58:38 GMT', 'Connection': 'keep-alive', 'Keep-Alive': 'timeout=5'} 
 body={
    "message": "Token de acesso ausente, inválido, expirado ou usuário do token não existe mais"
} 
 </msg>
<msg timestamp="20220712 10:58:38.983" level="INFO">${response} = &lt;Response [401]&gt;</msg>
<status status="PASS" starttime="20220712 10:58:38.978" endtime="20220712 10:58:38.983"/>
</kw>
<kw name="Log To Console" library="BuiltIn">
<arg>Response: ${response.content}</arg>
<doc>Logs the given message to the console.</doc>
<status status="PASS" starttime="20220712 10:58:38.983" endtime="20220712 10:58:38.984"/>
</kw>
<kw name="Set Global Variable" library="BuiltIn">
<arg>${response}</arg>
<doc>Makes a variable available globally in all tests and suites.</doc>
<msg timestamp="20220712 10:58:38.985" level="INFO">${response} = &lt;Response [401]&gt;</msg>
<status status="PASS" starttime="20220712 10:58:38.984" endtime="20220712 10:58:38.985"/>
</kw>
<status status="PASS" starttime="20220712 10:58:38.975" endtime="20220712 10:58:38.985"/>
</kw>
<kw name="Validar Status Code &quot;401&quot;" library="common" sourcename="Validar Status Code &quot;${statuscode}&quot;">
<kw name="Should Be True" library="BuiltIn">
<arg>${response.status_code} == ${statuscode}</arg>
<doc>Fails if the given condition is not true.</doc>
<status status="PASS" starttime="20220712 10:58:38.986" endtime="20220712 10:58:38.987"/>
</kw>
<status status="PASS" starttime="20220712 10:58:38.985" endtime="20220712 10:58:38.988"/>
</kw>
<tag>PUT</tag>
<tag>PUTTOKENAUSENTE</tag>
<status status="PASS" starttime="20220712 10:58:38.952" endtime="20220712 10:58:38.988"/>
</test>
<test id="s1-t15" name="Cenario: PUT Editar Produto NAO Admin 403" line="113">
<kw name="POST Endpoint /login" library="login_keywords">
<arg>${email_nao_admin}</arg>
<arg>${password_nao_admin}</arg>
<kw name="Create Dictionary" library="BuiltIn">
<var>&amp;{payload}</var>
<arg>email=${email_para_login}</arg>
<arg>password=${password_para_login}</arg>
<doc>Creates and returns a dictionary based on the given ``items``.</doc>
<msg timestamp="20220712 10:58:38.991" level="INFO">&amp;{payload} = { email=steve.rogers@gmail.com | password=test123 }</msg>
<status status="PASS" starttime="20220712 10:58:38.990" endtime="20220712 10:58:38.991"/>
</kw>
<kw name="POST On Session" library="RequestsLibrary">
<var>${login_response}</var>
<arg>serverest</arg>
<arg>/login</arg>
<arg>data=&amp;{payload}</arg>
<arg>expected_status=any</arg>
<doc>Sends a POST request on a previously created HTTP Session.</doc>
<msg timestamp="20220712 10:58:39.000" level="INFO">POST Request : url=http://localhost:3000/login 
 path_url=/login 
 headers={'User-Agent': 'python-requests/2.28.0', 'Accept-Encoding': 'gzip, deflate', 'Accept': '*/*', 'Connection': 'keep-alive', 'Content-Length': '47', 'Content-Type': 'application/x-www-form-urlencoded'} 
 body=email=steve.rogers%40gmail.com&amp;password=test123 
 </msg>
<msg timestamp="20220712 10:58:39.000" level="INFO">POST Response : url=http://localhost:3000/login 
 status=200, reason=OK 
 headers={'Access-Control-Allow-Origin': '*', 'x-dns-prefetch-control': 'off', 'x-frame-options': 'SAMEORIGIN', 'strict-transport-security': 'max-age=15552000; includeSubDomains', 'x-download-options': 'noopen', 'x-content-type-options': 'nosniff', 'x-xss-protection': '1; mode=block', 'x-moesif-transaction-id': 'ad54de2f-fe3e-4288-9913-e5c5f0eca8ad', 'Content-Type': 'application/json; charset=utf-8', 'Content-Length': '280', 'Date': 'Tue, 12 Jul 2022 13:58:38 GMT', 'Connection': 'keep-alive', 'Keep-Alive': 'timeout=5'} 
 body={
    "message": "Login realizado com sucesso",
    "authorization": "Bearer eyJhbGciOiJIUzI1NiIsInR5cCI6IkpXVCJ9.eyJlbWFpbCI6InN0ZXZlLnJvZ2Vyc0BnbWFpbC5jb20iLCJwYXNzd29yZCI6InRlc3QxMjMiLCJpYXQiOjE2NTc2MzQzMTgsImV4cCI6MTY1NzYzNDkxOH0.L1kjtXk4RhkyKyVxFq3OhKXrG4wkFIX1e7iQxO59rOI"
} 
 </msg>
<msg timestamp="20220712 10:58:39.001" level="INFO">${login_response} = &lt;Response [200]&gt;</msg>
<status status="PASS" starttime="20220712 10:58:38.991" endtime="20220712 10:58:39.001"/>
</kw>
<kw name="Log To Console" library="BuiltIn">
<arg>Response: ${login_response.content}</arg>
<doc>Logs the given message to the console.</doc>
<status status="PASS" starttime="20220712 10:58:39.001" endtime="20220712 10:58:39.002"/>
</kw>
<kw name="Set Global Variable" library="BuiltIn">
<arg>${login_response}</arg>
<doc>Makes a variable available globally in all tests and suites.</doc>
<msg timestamp="20220712 10:58:39.003" level="INFO">${login_response} = &lt;Response [200]&gt;</msg>
<status status="PASS" starttime="20220712 10:58:39.003" endtime="20220712 10:58:39.003"/>
</kw>
<status status="PASS" starttime="20220712 10:58:38.990" endtime="20220712 10:58:39.003"/>
</kw>
<kw name="Fazer login e Armazenar Token" library="login_keywords">
<kw name="Validar Ter Logado" library="login_keywords">
<kw name="Should Be Equal" library="BuiltIn">
<arg>${login_response.json()["message"]}</arg>
<arg>Login realizado com sucesso</arg>
<doc>Fails if the given objects are unequal.</doc>
<status status="PASS" starttime="20220712 10:58:39.004" endtime="20220712 10:58:39.005"/>
</kw>
<kw name="Should Not Be Empty" library="BuiltIn">
<arg>${login_response.json()["authorization"]}</arg>
<doc>Verifies that the given item is not empty.</doc>
<msg timestamp="20220712 10:58:39.006" level="INFO">Length is 207</msg>
<status status="PASS" starttime="20220712 10:58:39.005" endtime="20220712 10:58:39.006"/>
</kw>
<status status="PASS" starttime="20220712 10:58:39.004" endtime="20220712 10:58:39.006"/>
</kw>
<kw name="Set Variable" library="BuiltIn">
<var>${token_auth}</var>
<arg>${login_response.json()["authorization"]}</arg>
<doc>Returns the given values which can then be assigned to a variables.</doc>
<msg timestamp="20220712 10:58:39.007" level="INFO">${token_auth} = Bearer eyJhbGciOiJIUzI1NiIsInR5cCI6IkpXVCJ9.eyJlbWFpbCI6InN0ZXZlLnJvZ2Vyc0BnbWFpbC5jb20iLCJwYXNzd29yZCI6InRlc3QxMjMiLCJpYXQiOjE2NTc2MzQzMTgsImV4cCI6MTY1NzYzNDkxOH0.L1kjtXk4RhkyKyVxFq3OhKXrG4wkFIX1e7iQ...</msg>
<status status="PASS" starttime="20220712 10:58:39.006" endtime="20220712 10:58:39.007"/>
</kw>
<kw name="Log To Console" library="BuiltIn">
<arg>Token Salvo:</arg>
<arg>${token_auth}</arg>
<doc>Logs the given message to the console.</doc>
<status status="PASS" starttime="20220712 10:58:39.007" endtime="20220712 10:58:39.008"/>
</kw>
<kw name="Set Global Variable" library="BuiltIn">
<arg>${token_auth}</arg>
<doc>Makes a variable available globally in all tests and suites.</doc>
<msg timestamp="20220712 10:58:39.009" level="INFO">${token_auth} = Bearer eyJhbGciOiJIUzI1NiIsInR5cCI6IkpXVCJ9.eyJlbWFpbCI6InN0ZXZlLnJvZ2Vyc0BnbWFpbC5jb20iLCJwYXNzd29yZCI6InRlc3QxMjMiLCJpYXQiOjE2NTc2MzQzMTgsImV4cCI6MTY1NzYzNDkxOH0.L1kjtXk4RhkyKyVxFq3OhKXrG4wkFIX1e7iQ...</msg>
<status status="PASS" starttime="20220712 10:58:39.008" endtime="20220712 10:58:39.009"/>
</kw>
<status status="PASS" starttime="20220712 10:58:39.004" endtime="20220712 10:58:39.010"/>
</kw>
<kw name="Editar Produto" library="produtos_keywords">
<kw name="Create Dictionary" library="BuiltIn">
<var>${payload}</var>
<arg>nome=SuperTecladoGamer</arg>
<arg>preco=150</arg>
<arg>descricao=Teclado</arg>
<arg>quantidade=550</arg>
<doc>Creates and returns a dictionary based on the given ``items``.</doc>
<msg timestamp="20220712 10:58:39.011" level="INFO">${payload} = {'nome': 'SuperTecladoGamer', 'preco': '150', 'descricao': 'Teclado', 'quantidade': '550'}</msg>
<status status="PASS" starttime="20220712 10:58:39.010" endtime="20220712 10:58:39.011"/>
</kw>
<kw name="Set Global Variable" library="BuiltIn">
<arg>${payload}</arg>
<doc>Makes a variable available globally in all tests and suites.</doc>
<msg timestamp="20220712 10:58:39.011" level="INFO">${payload} = {'nome': 'SuperTecladoGamer', 'preco': '150', 'descricao': 'Teclado', 'quantidade': '550'}</msg>
<status status="PASS" starttime="20220712 10:58:39.011" endtime="20220712 10:58:39.011"/>
</kw>
<status status="PASS" starttime="20220712 10:58:39.010" endtime="20220712 10:58:39.011"/>
</kw>
<kw name="PUT Endpoint /produtos" library="produtos_keywords">
<arg>${id_produto_editavel}</arg>
<kw name="Create Dictionary" library="BuiltIn">
<var>&amp;{header}</var>
<arg>Authorization=${token_auth}</arg>
<doc>Creates and returns a dictionary based on the given ``items``.</doc>
<msg timestamp="20220712 10:58:39.016" level="INFO">&amp;{header} = { Authorization=Bearer eyJhbGciOiJIUzI1NiIsInR5cCI6IkpXVCJ9.eyJlbWFpbCI6InN0ZXZlLnJvZ2Vyc0BnbWFpbC5jb20iLCJwYXNzd29yZCI6InRlc3QxMjMiLCJpYXQiOjE2NTc2MzQzMTgsImV4cCI6MTY1NzYzNDkxOH0.L1kjtXk4RhkyKyVxFq3O...</msg>
<status status="PASS" starttime="20220712 10:58:39.015" endtime="20220712 10:58:39.016"/>
</kw>
<kw name="PUT On Session" library="RequestsLibrary">
<var>${response}</var>
<arg>serverest</arg>
<arg>/produtos/${id_produto}</arg>
<arg>json=${payload}</arg>
<arg>headers=${header}</arg>
<arg>expected_status=any</arg>
<doc>Sends a PUT request on a previously created HTTP Session.</doc>
<msg timestamp="20220712 10:58:39.022" level="INFO">PUT Request : url=http://localhost:3000/produtos/538YR5V9UQeiczEk 
 path_url=/produtos/538YR5V9UQeiczEk 
 headers={'User-Agent': 'python-requests/2.28.0', 'Accept-Encoding': 'gzip, deflate', 'Accept': '*/*', 'Connection': 'keep-alive', 'Authorization': 'Bearer eyJhbGciOiJIUzI1NiIsInR5cCI6IkpXVCJ9.eyJlbWFpbCI6InN0ZXZlLnJvZ2Vyc0BnbWFpbC5jb20iLCJwYXNzd29yZCI6InRlc3QxMjMiLCJpYXQiOjE2NTc2MzQzMTgsImV4cCI6MTY1NzYzNDkxOH0.L1kjtXk4RhkyKyVxFq3OhKXrG4wkFIX1e7iQxO59rOI', 'Content-Length': '90', 'Content-Type': 'application/json'} 
 body=b'{"nome": "SuperTecladoGamer", "preco": "150", "descricao": "Teclado", "quantidade": "550"}' 
 </msg>
<msg timestamp="20220712 10:58:39.022" level="INFO">PUT Response : url=http://localhost:3000/produtos/538YR5V9UQeiczEk 
 status=403, reason=Forbidden 
 headers={'Access-Control-Allow-Origin': '*', 'x-dns-prefetch-control': 'off', 'x-frame-options': 'SAMEORIGIN', 'strict-transport-security': 'max-age=15552000; includeSubDomains', 'x-download-options': 'noopen', 'x-content-type-options': 'nosniff', 'x-xss-protection': '1; mode=block', 'x-moesif-transaction-id': '09bdb4e9-a46f-4af8-a5c8-04a3e1a059ef', 'Content-Type': 'application/json; charset=utf-8', 'Content-Length': '56', 'Date': 'Tue, 12 Jul 2022 13:58:39 GMT', 'Connection': 'keep-alive', 'Keep-Alive': 'timeout=5'} 
 body={
    "message": "Rota exclusiva para administradores"
} 
 </msg>
<msg timestamp="20220712 10:58:39.022" level="INFO">${response} = &lt;Response [403]&gt;</msg>
<status status="PASS" starttime="20220712 10:58:39.017" endtime="20220712 10:58:39.022"/>
</kw>
<kw name="Log To Console" library="BuiltIn">
<arg>Response: ${response.content}</arg>
<doc>Logs the given message to the console.</doc>
<status status="PASS" starttime="20220712 10:58:39.022" endtime="20220712 10:58:39.024"/>
</kw>
<kw name="Set Global Variable" library="BuiltIn">
<arg>${response}</arg>
<doc>Makes a variable available globally in all tests and suites.</doc>
<msg timestamp="20220712 10:58:39.025" level="INFO">${response} = &lt;Response [403]&gt;</msg>
<status status="PASS" starttime="20220712 10:58:39.024" endtime="20220712 10:58:39.025"/>
</kw>
<status status="PASS" starttime="20220712 10:58:39.012" endtime="20220712 10:58:39.025"/>
</kw>
<kw name="Validar Status Code &quot;403&quot;" library="common" sourcename="Validar Status Code &quot;${statuscode}&quot;">
<kw name="Should Be True" library="BuiltIn">
<arg>${response.status_code} == ${statuscode}</arg>
<doc>Fails if the given condition is not true.</doc>
<status status="PASS" starttime="20220712 10:58:39.026" endtime="20220712 10:58:39.029"/>
</kw>
<status status="PASS" starttime="20220712 10:58:39.025" endtime="20220712 10:58:39.029"/>
</kw>
<tag>PUT</tag>
<tag>PUTNAOADMIN</tag>
<status status="PASS" starttime="20220712 10:58:38.989" endtime="20220712 10:58:39.031"/>
</test>
<doc>Arquivo de Testes para o Endpoint /produtos</doc>
<status status="PASS" starttime="20220712 10:58:37.944" endtime="20220712 10:58:39.032"/>
</suite>
<statistics>
<total>
<stat pass="15" fail="0" skip="0">All Tests</stat>
</total>
<tag>
<stat pass="4" fail="0" skip="0">DELETE</stat>
<stat pass="1" fail="0" skip="0">DELETEP403</stat>
<stat pass="1" fail="0" skip="0">DELETEPROD</stat>
<stat pass="1" fail="0" skip="0">DELETEPRODCARRINHO</stat>
<stat pass="1" fail="0" skip="0">DELETEPRODSEMTOKEN</stat>
<stat pass="3" fail="0" skip="0">GET</stat>
<stat pass="1" fail="0" skip="0">GETALL</stat>
<stat pass="1" fail="0" skip="0">GETPRODUTOEXC</stat>
<stat pass="1" fail="0" skip="0">GETPRODUTOID</stat>
<stat pass="4" fail="0" skip="0">POST</stat>
<stat pass="1" fail="0" skip="0">POSTAUSENTE</stat>
<stat pass="1" fail="0" skip="0">POSTMESMOPRODUTO</stat>
<stat pass="1" fail="0" skip="0">POSTPRODUTODINAMICO</stat>
<stat pass="1" fail="0" skip="0">POSTPRODUTONADMIN</stat>
<stat pass="4" fail="0" skip="0">PUT</stat>
<stat pass="1" fail="0" skip="0">PUTNAOADMIN</stat>
<stat pass="1" fail="0" skip="0">PUTNOMEXISTENTE</stat>
<stat pass="1" fail="0" skip="0">PUTPROD</stat>
<stat pass="1" fail="0" skip="0">PUTTOKENAUSENTE</stat>
</tag>
<suite>
<stat pass="15" fail="0" skip="0" id="s1" name="Produto Test">Produto Test</stat>
</suite>
</statistics>
<errors>
</errors>
</robot>
